INFO:gp_moped.py.__init__():76       Initialising variables...
INFO:gp_moped.py.transform():153      Size of the transformation matrix is (8, 8)
INFO:gp_moped.py.fit():418      The value of the cost is [-3178.3414 -3178.3414]
INFO:gp_moped.py.fit():425      Optimum is [ 0.2408  0.8732  0.8471  3.7484  2.922   1.564  -0.5079  2.3754  3.9215]
DEBUG:texmanager.py._reinit():130      family: serif, font: Palatino, info: ('ppl', '\\usepackage{mathpazo}')
DEBUG:texmanager.py._reinit():134      sans-serif font is not compatible with usetex.
DEBUG:texmanager.py._reinit():134      sans-serif font is not compatible with usetex.
DEBUG:texmanager.py._reinit():130      family: sans-serif, font: Computer Modern Sans Serif, info: ('cmss', '')
DEBUG:texmanager.py._reinit():134      cursive font is not compatible with usetex.
DEBUG:texmanager.py._reinit():134      cursive font is not compatible with usetex.
DEBUG:texmanager.py._reinit():130      family: cursive, font: Zapf Chancery, info: ('pzc', '\\usepackage{chancery}')
DEBUG:texmanager.py._reinit():134      monospace font is not compatible with usetex.
DEBUG:texmanager.py._reinit():134      monospace font is not compatible with usetex.
DEBUG:texmanager.py._reinit():130      family: monospace, font: Computer Modern Typewriter, info: ('cmtt', '')
DEBUG:texmanager.py.get_font_config():171      following keys changed: ['text.latex.preamble', 'text.latex.unicode', 'text.latex.preview', 'font.family', 'font.serif', 'font.sans-serif', 'font.cursive', 'font.monospace']
DEBUG:texmanager.py.get_font_config():174      text.latex.preamble : None       ->           
DEBUG:texmanager.py.get_font_config():174      text.latex.unicode  : None       -> True      
DEBUG:texmanager.py.get_font_config():174      text.latex.preview  : None       -> False     
DEBUG:texmanager.py.get_font_config():174      font.family         : None       -> ['sans-serif']
DEBUG:texmanager.py.get_font_config():174      font.serif          : None       -> ['Palatino']
DEBUG:texmanager.py.get_font_config():174      font.sans-serif     : None       -> ['DejaVu Sans', 'Bitstream Vera Sans', 'Computer Modern Sans Serif', 'Lucida Grande', 'Verdana', 'Geneva', 'Lucid', 'Arial', 'Helvetica', 'Avant Garde', 'sans-serif']
DEBUG:texmanager.py.get_font_config():174      font.cursive        : None       -> ['Apple Chancery', 'Textile', 'Zapf Chancery', 'Sand', 'Script MT', 'Felipa', 'cursive']
DEBUG:texmanager.py.get_font_config():174      font.monospace      : None       -> ['DejaVu Sans Mono', 'Bitstream Vera Sans Mono', 'Computer Modern Typewriter', 'Andale Mono', 'Nimbus Mono L', 'Courier New', 'Courier', 'Fixed', 'Terminal', 'monospace']
DEBUG:texmanager.py.get_font_config():177      RE-INIT
old fontconfig: sans-serifpplcmsspzccmttd41d8cd98f00b204e9800998ecf8427e
DEBUG:texmanager.py._reinit():130      family: serif, font: Palatino, info: ('ppl', '\\usepackage{mathpazo}')
DEBUG:texmanager.py._reinit():134      sans-serif font is not compatible with usetex.
DEBUG:texmanager.py._reinit():134      sans-serif font is not compatible with usetex.
DEBUG:texmanager.py._reinit():130      family: sans-serif, font: Computer Modern Sans Serif, info: ('cmss', '')
DEBUG:texmanager.py._reinit():134      cursive font is not compatible with usetex.
DEBUG:texmanager.py._reinit():134      cursive font is not compatible with usetex.
DEBUG:texmanager.py._reinit():130      family: cursive, font: Zapf Chancery, info: ('pzc', '\\usepackage{chancery}')
DEBUG:texmanager.py._reinit():134      monospace font is not compatible with usetex.
DEBUG:texmanager.py._reinit():134      monospace font is not compatible with usetex.
DEBUG:texmanager.py._reinit():130      family: monospace, font: Computer Modern Typewriter, info: ('cmtt', '')
DEBUG:texmanager.py.get_font_config():179      fontconfig: sans-serifpplcmsspzccmttd41d8cd98f00b204e9800998ecf8427e
DEBUG:dviread.py.__init__():197      Dvi: /home/harry/.cache/matplotlib/tex.cache/8039bde6e8fe1bf9b7b77115bde0d0e1.dvi
DEBUG:dviread.py._xxx():437      Dvi._xxx: encountered special: papersize=5203.43999pt,5203.43999pt
DEBUG:dviread.py._xxx():437      Dvi._xxx: encountered special: header=l3backend-dvips.pro
DEBUG:__init__.py._check_and_log_subprocess():2154     ['kpsewhich', 'cmss17.tfm']
DEBUG:__init__.py._check_and_log_subprocess():2165     stdout:
b'/usr/share/texlive/texmf-dist/fonts/tfm/public/cm/cmss17.tfm\n'
DEBUG:__init__.py._check_and_log_subprocess():2166     stderr:
b''
DEBUG:dviread.py.__init__():727      opening tfm file /usr/share/texlive/texmf-dist/fonts/tfm/public/cm/cmss17.tfm
DEBUG:dviread.py.__init__():733      lh=18, bc=0, ec=127, nw=54, nh=16, nd=10
DEBUG:__init__.py._check_and_log_subprocess():2154     ['kpsewhich', 'cmss17.vf']
DEBUG:texmanager.py.get_font_config():179      fontconfig: sans-serifpplcmsspzccmttd41d8cd98f00b204e9800998ecf8427e
DEBUG:dviread.py.__init__():197      Dvi: /home/harry/.cache/matplotlib/tex.cache/1748531adfae72f9c0b4fee0a72816d9.dvi
DEBUG:dviread.py._xxx():437      Dvi._xxx: encountered special: papersize=5203.43999pt,5203.43999pt
DEBUG:dviread.py._xxx():437      Dvi._xxx: encountered special: header=l3backend-dvips.pro
DEBUG:__init__.py._check_and_log_subprocess():2154     ['kpsewhich', 'pplr7t.tfm']
DEBUG:__init__.py._check_and_log_subprocess():2165     stdout:
b'/usr/share/texlive/texmf-dist/fonts/tfm/adobe/palatino/pplr7t.tfm\n'
DEBUG:__init__.py._check_and_log_subprocess():2166     stderr:
b''
DEBUG:dviread.py.__init__():727      opening tfm file /usr/share/texlive/texmf-dist/fonts/tfm/adobe/palatino/pplr7t.tfm
DEBUG:dviread.py.__init__():733      lh=18, bc=0, ec=170, nw=58, nh=16, nd=16
DEBUG:__init__.py._check_and_log_subprocess():2154     ['kpsewhich', 'pplr7t.vf']
DEBUG:__init__.py._check_and_log_subprocess():2165     stdout:
b'/usr/share/texlive/texmf-dist/fonts/vf/adobe/palatino/pplr7t.vf\n'
DEBUG:__init__.py._check_and_log_subprocess():2166     stderr:
b''
DEBUG:dviread.py.__init__():197      Dvi: /usr/share/texlive/texmf-dist/fonts/vf/adobe/palatino/pplr7t.vf
DEBUG:__init__.py._check_and_log_subprocess():2154     ['kpsewhich', 'pplr8r.tfm']
DEBUG:__init__.py._check_and_log_subprocess():2165     stdout:
b'/usr/share/texlive/texmf-dist/fonts/tfm/adobe/palatino/pplr8r.tfm\n'
DEBUG:__init__.py._check_and_log_subprocess():2166     stderr:
b''
DEBUG:dviread.py.__init__():727      opening tfm file /usr/share/texlive/texmf-dist/fonts/tfm/adobe/palatino/pplr8r.tfm
DEBUG:dviread.py.__init__():733      lh=18, bc=1, ec=255, nw=65, nh=16, nd=16
DEBUG:__init__.py._check_and_log_subprocess():2154     ['kpsewhich', 'pplr8r.vf']
DEBUG:dviread.py._xxx():437      Dvi._xxx: encountered special: Warning: missing glyph `Gamma'
DEBUG:dviread.py._xxx():437      Dvi._xxx: encountered special: Warning: missing glyph `Delta'
DEBUG:dviread.py._xxx():437      Dvi._xxx: encountered special: Warning: missing glyph `Theta'
DEBUG:dviread.py._xxx():437      Dvi._xxx: encountered special: Warning: missing glyph `Lambda'
DEBUG:dviread.py._xxx():437      Dvi._xxx: encountered special: Warning: missing glyph `Xi'
DEBUG:dviread.py._xxx():437      Dvi._xxx: encountered special: Warning: missing glyph `Pi'
DEBUG:dviread.py._xxx():437      Dvi._xxx: encountered special: Warning: missing glyph `Sigma'
DEBUG:dviread.py._xxx():437      Dvi._xxx: encountered special: Warning: missing glyph `Upsilon'
DEBUG:dviread.py._xxx():437      Dvi._xxx: encountered special: Warning: missing glyph `Phi'
DEBUG:dviread.py._xxx():437      Dvi._xxx: encountered special: Warning: missing glyph `Psi'
DEBUG:dviread.py._xxx():437      Dvi._xxx: encountered special: Warning: missing glyph `Omega'
DEBUG:dviread.py._xxx():437      Dvi._xxx: encountered special: Warning: missing glyph `dotlessj'
DEBUG:dviread.py._xxx():437      Dvi._xxx: encountered special: Warning: missing glyph `lslashslash'
DEBUG:texmanager.py.get_font_config():179      fontconfig: sans-serifpplcmsspzccmttd41d8cd98f00b204e9800998ecf8427e
DEBUG:dviread.py.__init__():197      Dvi: /home/harry/.cache/matplotlib/tex.cache/8039bde6e8fe1bf9b7b77115bde0d0e1.dvi
DEBUG:dviread.py._xxx():437      Dvi._xxx: encountered special: papersize=5203.43999pt,5203.43999pt
DEBUG:dviread.py._xxx():437      Dvi._xxx: encountered special: header=l3backend-dvips.pro
DEBUG:texmanager.py.get_font_config():179      fontconfig: sans-serifpplcmsspzccmttd41d8cd98f00b204e9800998ecf8427e
DEBUG:dviread.py.__init__():197      Dvi: /home/harry/.cache/matplotlib/tex.cache/54157d74d303e6627735550765514afa.dvi
DEBUG:dviread.py._xxx():437      Dvi._xxx: encountered special: papersize=5203.43999pt,5203.43999pt
DEBUG:dviread.py._xxx():437      Dvi._xxx: encountered special: header=l3backend-dvips.pro
DEBUG:texmanager.py.get_font_config():179      fontconfig: sans-serifpplcmsspzccmttd41d8cd98f00b204e9800998ecf8427e
DEBUG:dviread.py.__init__():197      Dvi: /home/harry/.cache/matplotlib/tex.cache/8039bde6e8fe1bf9b7b77115bde0d0e1.dvi
DEBUG:dviread.py._xxx():437      Dvi._xxx: encountered special: papersize=5203.43999pt,5203.43999pt
DEBUG:dviread.py._xxx():437      Dvi._xxx: encountered special: header=l3backend-dvips.pro
DEBUG:texmanager.py.get_font_config():179      fontconfig: sans-serifpplcmsspzccmttd41d8cd98f00b204e9800998ecf8427e
DEBUG:dviread.py.__init__():197      Dvi: /home/harry/.cache/matplotlib/tex.cache/d8b4b05cdcd8271e252cc1576ad89e69.dvi
DEBUG:dviread.py._xxx():437      Dvi._xxx: encountered special: papersize=5203.43999pt,5203.43999pt
DEBUG:dviread.py._xxx():437      Dvi._xxx: encountered special: header=l3backend-dvips.pro
DEBUG:texmanager.py.get_font_config():179      fontconfig: sans-serifpplcmsspzccmttd41d8cd98f00b204e9800998ecf8427e
DEBUG:texmanager.py.get_font_config():179      fontconfig: sans-serifpplcmsspzccmttd41d8cd98f00b204e9800998ecf8427e
DEBUG:texmanager.py.get_font_config():179      fontconfig: sans-serifpplcmsspzccmttd41d8cd98f00b204e9800998ecf8427e
DEBUG:dviread.py.__init__():197      Dvi: /home/harry/.cache/matplotlib/tex.cache/1748531adfae72f9c0b4fee0a72816d9.dvi
DEBUG:dviread.py._xxx():437      Dvi._xxx: encountered special: papersize=5203.43999pt,5203.43999pt
DEBUG:dviread.py._xxx():437      Dvi._xxx: encountered special: header=l3backend-dvips.pro
DEBUG:texmanager.py.get_font_config():179      fontconfig: sans-serifpplcmsspzccmttd41d8cd98f00b204e9800998ecf8427e
DEBUG:texmanager.py.get_font_config():179      fontconfig: sans-serifpplcmsspzccmttd41d8cd98f00b204e9800998ecf8427e
DEBUG:texmanager.py.get_font_config():179      fontconfig: sans-serifpplcmsspzccmttd41d8cd98f00b204e9800998ecf8427e
DEBUG:dviread.py.__init__():197      Dvi: /home/harry/.cache/matplotlib/tex.cache/54157d74d303e6627735550765514afa.dvi
DEBUG:dviread.py._xxx():437      Dvi._xxx: encountered special: papersize=5203.43999pt,5203.43999pt
DEBUG:dviread.py._xxx():437      Dvi._xxx: encountered special: header=l3backend-dvips.pro
DEBUG:texmanager.py.get_font_config():179      fontconfig: sans-serifpplcmsspzccmttd41d8cd98f00b204e9800998ecf8427e
DEBUG:texmanager.py.get_font_config():179      fontconfig: sans-serifpplcmsspzccmttd41d8cd98f00b204e9800998ecf8427e
DEBUG:texmanager.py.get_font_config():179      fontconfig: sans-serifpplcmsspzccmttd41d8cd98f00b204e9800998ecf8427e
DEBUG:dviread.py.__init__():197      Dvi: /home/harry/.cache/matplotlib/tex.cache/d8b4b05cdcd8271e252cc1576ad89e69.dvi
DEBUG:dviread.py._xxx():437      Dvi._xxx: encountered special: papersize=5203.43999pt,5203.43999pt
DEBUG:dviread.py._xxx():437      Dvi._xxx: encountered special: header=l3backend-dvips.pro
DEBUG:texmanager.py.get_font_config():179      fontconfig: sans-serifpplcmsspzccmttd41d8cd98f00b204e9800998ecf8427e
DEBUG:dviread.py.__init__():197      Dvi: /home/harry/.cache/matplotlib/tex.cache/8039bde6e8fe1bf9b7b77115bde0d0e1.dvi
DEBUG:dviread.py._xxx():437      Dvi._xxx: encountered special: papersize=5203.43999pt,5203.43999pt
DEBUG:dviread.py._xxx():437      Dvi._xxx: encountered special: header=l3backend-dvips.pro
DEBUG:texmanager.py.get_font_config():179      fontconfig: sans-serifpplcmsspzccmttd41d8cd98f00b204e9800998ecf8427e
DEBUG:dviread.py.__init__():197      Dvi: /home/harry/.cache/matplotlib/tex.cache/ec718077cf3efe2bf237c2d78510346f.dvi
DEBUG:dviread.py._xxx():437      Dvi._xxx: encountered special: papersize=5203.43999pt,5203.43999pt
DEBUG:dviread.py._xxx():437      Dvi._xxx: encountered special: header=l3backend-dvips.pro
DEBUG:__init__.py._check_and_log_subprocess():2154     ['kpsewhich', 'zplmr7y.tfm']
DEBUG:__init__.py._check_and_log_subprocess():2165     stdout:
b'/usr/share/texlive/texmf-dist/fonts/tfm/public/mathpazo/zplmr7y.tfm\n'
DEBUG:__init__.py._check_and_log_subprocess():2166     stderr:
b''
DEBUG:dviread.py.__init__():727      opening tfm file /usr/share/texlive/texmf-dist/fonts/tfm/public/mathpazo/zplmr7y.tfm
DEBUG:dviread.py.__init__():733      lh=18, bc=0, ec=127, nw=47, nh=16, nd=16
DEBUG:__init__.py._check_and_log_subprocess():2154     ['kpsewhich', 'zplmr7y.vf']
DEBUG:__init__.py._check_and_log_subprocess():2165     stdout:
b'/usr/share/texlive/texmf-dist/fonts/vf/public/mathpazo/zplmr7y.vf\n'
DEBUG:__init__.py._check_and_log_subprocess():2166     stderr:
b''
DEBUG:dviread.py.__init__():197      Dvi: /usr/share/texlive/texmf-dist/fonts/vf/public/mathpazo/zplmr7y.vf
DEBUG:__init__.py._check_and_log_subprocess():2154     ['kpsewhich', 'cmsy10.tfm']
DEBUG:__init__.py._check_and_log_subprocess():2165     stdout:
b'/usr/share/texlive/texmf-dist/fonts/tfm/public/cm/cmsy10.tfm\n'
DEBUG:__init__.py._check_and_log_subprocess():2166     stderr:
b''
DEBUG:dviread.py.__init__():727      opening tfm file /usr/share/texlive/texmf-dist/fonts/tfm/public/cm/cmsy10.tfm
DEBUG:dviread.py.__init__():733      lh=18, bc=0, ec=127, nw=44, nh=15, nd=16
DEBUG:__init__.py._check_and_log_subprocess():2154     ['kpsewhich', 'cmsy10.vf']
DEBUG:__init__.py._check_and_log_subprocess():2154     ['kpsewhich', 'fplmr.tfm']
DEBUG:__init__.py._check_and_log_subprocess():2165     stdout:
b'/usr/share/texlive/texmf-dist/fonts/tfm/public/mathpazo/fplmr.tfm\n'
DEBUG:__init__.py._check_and_log_subprocess():2166     stderr:
b''
DEBUG:dviread.py.__init__():727      opening tfm file /usr/share/texlive/texmf-dist/fonts/tfm/public/mathpazo/fplmr.tfm
DEBUG:dviread.py.__init__():733      lh=18, bc=32, ec=229, nw=19, nh=9, nd=7
DEBUG:__init__.py._check_and_log_subprocess():2154     ['kpsewhich', 'fplmr.vf']
DEBUG:__init__.py._check_and_log_subprocess():2154     ['kpsewhich', 'zplmr7m.tfm']
DEBUG:__init__.py._check_and_log_subprocess():2165     stdout:
b'/usr/share/texlive/texmf-dist/fonts/tfm/public/mathpazo/zplmr7m.tfm\n'
DEBUG:__init__.py._check_and_log_subprocess():2166     stderr:
b''
DEBUG:dviread.py.__init__():727      opening tfm file /usr/share/texlive/texmf-dist/fonts/tfm/public/mathpazo/zplmr7m.tfm
DEBUG:dviread.py.__init__():733      lh=18, bc=0, ec=127, nw=88, nh=16, nd=16
DEBUG:__init__.py._check_and_log_subprocess():2154     ['kpsewhich', 'zplmr7m.vf']
DEBUG:__init__.py._check_and_log_subprocess():2165     stdout:
b'/usr/share/texlive/texmf-dist/fonts/vf/public/mathpazo/zplmr7m.vf\n'
DEBUG:__init__.py._check_and_log_subprocess():2166     stderr:
b''
DEBUG:dviread.py.__init__():197      Dvi: /usr/share/texlive/texmf-dist/fonts/vf/public/mathpazo/zplmr7m.vf
DEBUG:__init__.py._check_and_log_subprocess():2154     ['kpsewhich', 'fplmri.tfm']
DEBUG:__init__.py._check_and_log_subprocess():2165     stdout:
b'/usr/share/texlive/texmf-dist/fonts/tfm/public/mathpazo/fplmri.tfm\n'
DEBUG:__init__.py._check_and_log_subprocess():2166     stderr:
b''
DEBUG:dviread.py.__init__():727      opening tfm file /usr/share/texlive/texmf-dist/fonts/tfm/public/mathpazo/fplmri.tfm
DEBUG:dviread.py.__init__():733      lh=18, bc=32, ec=226, nw=34, nh=15, nd=10
DEBUG:__init__.py._check_and_log_subprocess():2154     ['kpsewhich', 'fplmri.vf']
DEBUG:__init__.py._check_and_log_subprocess():2154     ['kpsewhich', 'cmmi10.tfm']
DEBUG:__init__.py._check_and_log_subprocess():2165     stdout:
b'/usr/share/texlive/texmf-dist/fonts/tfm/public/cm/cmmi10.tfm\n'
DEBUG:__init__.py._check_and_log_subprocess():2166     stderr:
b''
DEBUG:dviread.py.__init__():727      opening tfm file /usr/share/texlive/texmf-dist/fonts/tfm/public/cm/cmmi10.tfm
DEBUG:dviread.py.__init__():733      lh=18, bc=0, ec=127, nw=98, nh=15, nd=9
DEBUG:__init__.py._check_and_log_subprocess():2154     ['kpsewhich', 'cmmi10.vf']
DEBUG:__init__.py._check_and_log_subprocess():2154     ['kpsewhich', 'pplri8r.tfm']
DEBUG:__init__.py._check_and_log_subprocess():2165     stdout:
b'/usr/share/texlive/texmf-dist/fonts/tfm/adobe/palatino/pplri8r.tfm\n'
DEBUG:__init__.py._check_and_log_subprocess():2166     stderr:
b''
DEBUG:dviread.py.__init__():727      opening tfm file /usr/share/texlive/texmf-dist/fonts/tfm/adobe/palatino/pplri8r.tfm
DEBUG:dviread.py.__init__():733      lh=18, bc=1, ec=255, nw=30, nh=16, nd=16
DEBUG:__init__.py._check_and_log_subprocess():2154     ['kpsewhich', 'pplri8r.vf']
DEBUG:texmanager.py.get_font_config():179      fontconfig: sans-serifpplcmsspzccmttd41d8cd98f00b204e9800998ecf8427e
DEBUG:texmanager.py.get_font_config():179      fontconfig: sans-serifpplcmsspzccmttd41d8cd98f00b204e9800998ecf8427e
DEBUG:texmanager.py.get_font_config():179      fontconfig: sans-serifpplcmsspzccmttd41d8cd98f00b204e9800998ecf8427e
DEBUG:dviread.py.__init__():197      Dvi: /home/harry/.cache/matplotlib/tex.cache/ec718077cf3efe2bf237c2d78510346f.dvi
DEBUG:dviread.py._xxx():437      Dvi._xxx: encountered special: papersize=5203.43999pt,5203.43999pt
DEBUG:dviread.py._xxx():437      Dvi._xxx: encountered special: header=l3backend-dvips.pro
DEBUG:texmanager.py.get_font_config():179      fontconfig: sans-serifpplcmsspzccmttd41d8cd98f00b204e9800998ecf8427e
DEBUG:dviread.py.__init__():197      Dvi: /home/harry/.cache/matplotlib/tex.cache/8039bde6e8fe1bf9b7b77115bde0d0e1.dvi
DEBUG:dviread.py._xxx():437      Dvi._xxx: encountered special: papersize=5203.43999pt,5203.43999pt
DEBUG:dviread.py._xxx():437      Dvi._xxx: encountered special: header=l3backend-dvips.pro
DEBUG:texmanager.py.get_font_config():179      fontconfig: sans-serifpplcmsspzccmttd41d8cd98f00b204e9800998ecf8427e
DEBUG:dviread.py.__init__():197      Dvi: /home/harry/.cache/matplotlib/tex.cache/8572e611d1fa86dd17553bc73789aa53.dvi
DEBUG:dviread.py._xxx():437      Dvi._xxx: encountered special: papersize=5203.43999pt,5203.43999pt
DEBUG:dviread.py._xxx():437      Dvi._xxx: encountered special: header=l3backend-dvips.pro
DEBUG:texmanager.py.get_font_config():179      fontconfig: sans-serifpplcmsspzccmttd41d8cd98f00b204e9800998ecf8427e
DEBUG:dviread.py.__init__():197      Dvi: /home/harry/.cache/matplotlib/tex.cache/8039bde6e8fe1bf9b7b77115bde0d0e1.dvi
DEBUG:dviread.py._xxx():437      Dvi._xxx: encountered special: papersize=5203.43999pt,5203.43999pt
DEBUG:dviread.py._xxx():437      Dvi._xxx: encountered special: header=l3backend-dvips.pro
DEBUG:texmanager.py.get_font_config():179      fontconfig: sans-serifpplcmsspzccmttd41d8cd98f00b204e9800998ecf8427e
DEBUG:dviread.py.__init__():197      Dvi: /home/harry/.cache/matplotlib/tex.cache/568043b047b92d3cbfa016f2bb0fb0ad.dvi
DEBUG:dviread.py._xxx():437      Dvi._xxx: encountered special: papersize=5203.43999pt,5203.43999pt
DEBUG:dviread.py._xxx():437      Dvi._xxx: encountered special: header=l3backend-dvips.pro
DEBUG:texmanager.py.get_font_config():179      fontconfig: sans-serifpplcmsspzccmttd41d8cd98f00b204e9800998ecf8427e
DEBUG:dviread.py.__init__():197      Dvi: /home/harry/.cache/matplotlib/tex.cache/8039bde6e8fe1bf9b7b77115bde0d0e1.dvi
DEBUG:dviread.py._xxx():437      Dvi._xxx: encountered special: papersize=5203.43999pt,5203.43999pt
DEBUG:dviread.py._xxx():437      Dvi._xxx: encountered special: header=l3backend-dvips.pro
DEBUG:texmanager.py.get_font_config():179      fontconfig: sans-serifpplcmsspzccmttd41d8cd98f00b204e9800998ecf8427e
DEBUG:dviread.py.__init__():197      Dvi: /home/harry/.cache/matplotlib/tex.cache/fbac4965d22deb42610d04be5e8957ab.dvi
DEBUG:dviread.py._xxx():437      Dvi._xxx: encountered special: papersize=5203.43999pt,5203.43999pt
DEBUG:dviread.py._xxx():437      Dvi._xxx: encountered special: header=l3backend-dvips.pro
DEBUG:texmanager.py.get_font_config():179      fontconfig: sans-serifpplcmsspzccmttd41d8cd98f00b204e9800998ecf8427e
DEBUG:dviread.py.__init__():197      Dvi: /home/harry/.cache/matplotlib/tex.cache/8039bde6e8fe1bf9b7b77115bde0d0e1.dvi
DEBUG:dviread.py._xxx():437      Dvi._xxx: encountered special: papersize=5203.43999pt,5203.43999pt
DEBUG:dviread.py._xxx():437      Dvi._xxx: encountered special: header=l3backend-dvips.pro
DEBUG:texmanager.py.get_font_config():179      fontconfig: sans-serifpplcmsspzccmttd41d8cd98f00b204e9800998ecf8427e
DEBUG:dviread.py.__init__():197      Dvi: /home/harry/.cache/matplotlib/tex.cache/4fa2da022e266ec5945f0a635ccdf041.dvi
DEBUG:dviread.py._xxx():437      Dvi._xxx: encountered special: papersize=5203.43999pt,5203.43999pt
DEBUG:dviread.py._xxx():437      Dvi._xxx: encountered special: header=l3backend-dvips.pro
DEBUG:texmanager.py.get_font_config():179      fontconfig: sans-serifpplcmsspzccmttd41d8cd98f00b204e9800998ecf8427e
DEBUG:dviread.py.__init__():197      Dvi: /home/harry/.cache/matplotlib/tex.cache/8039bde6e8fe1bf9b7b77115bde0d0e1.dvi
DEBUG:dviread.py._xxx():437      Dvi._xxx: encountered special: papersize=5203.43999pt,5203.43999pt
DEBUG:dviread.py._xxx():437      Dvi._xxx: encountered special: header=l3backend-dvips.pro
DEBUG:texmanager.py.get_font_config():179      fontconfig: sans-serifpplcmsspzccmttd41d8cd98f00b204e9800998ecf8427e
DEBUG:dviread.py.__init__():197      Dvi: /home/harry/.cache/matplotlib/tex.cache/39d47527d8a20bd49b6705c69591a9e2.dvi
DEBUG:dviread.py._xxx():437      Dvi._xxx: encountered special: papersize=5203.43999pt,5203.43999pt
DEBUG:dviread.py._xxx():437      Dvi._xxx: encountered special: header=l3backend-dvips.pro
DEBUG:texmanager.py.get_font_config():179      fontconfig: sans-serifpplcmsspzccmttd41d8cd98f00b204e9800998ecf8427e
DEBUG:dviread.py.__init__():197      Dvi: /home/harry/.cache/matplotlib/tex.cache/8039bde6e8fe1bf9b7b77115bde0d0e1.dvi
DEBUG:dviread.py._xxx():437      Dvi._xxx: encountered special: papersize=5203.43999pt,5203.43999pt
DEBUG:dviread.py._xxx():437      Dvi._xxx: encountered special: header=l3backend-dvips.pro
DEBUG:texmanager.py.get_font_config():179      fontconfig: sans-serifpplcmsspzccmttd41d8cd98f00b204e9800998ecf8427e
DEBUG:dviread.py.__init__():197      Dvi: /home/harry/.cache/matplotlib/tex.cache/ff0ce5c8cc95efc2e31fba5433f6d73e.dvi
DEBUG:dviread.py._xxx():437      Dvi._xxx: encountered special: papersize=5203.43999pt,5203.43999pt
DEBUG:dviread.py._xxx():437      Dvi._xxx: encountered special: header=l3backend-dvips.pro
DEBUG:texmanager.py.get_font_config():179      fontconfig: sans-serifpplcmsspzccmttd41d8cd98f00b204e9800998ecf8427e
DEBUG:texmanager.py.get_font_config():179      fontconfig: sans-serifpplcmsspzccmttd41d8cd98f00b204e9800998ecf8427e
DEBUG:texmanager.py.get_font_config():179      fontconfig: sans-serifpplcmsspzccmttd41d8cd98f00b204e9800998ecf8427e
DEBUG:dviread.py.__init__():197      Dvi: /home/harry/.cache/matplotlib/tex.cache/8572e611d1fa86dd17553bc73789aa53.dvi
DEBUG:dviread.py._xxx():437      Dvi._xxx: encountered special: papersize=5203.43999pt,5203.43999pt
DEBUG:dviread.py._xxx():437      Dvi._xxx: encountered special: header=l3backend-dvips.pro
DEBUG:texmanager.py.get_font_config():179      fontconfig: sans-serifpplcmsspzccmttd41d8cd98f00b204e9800998ecf8427e
DEBUG:texmanager.py.get_font_config():179      fontconfig: sans-serifpplcmsspzccmttd41d8cd98f00b204e9800998ecf8427e
DEBUG:texmanager.py.get_font_config():179      fontconfig: sans-serifpplcmsspzccmttd41d8cd98f00b204e9800998ecf8427e
DEBUG:dviread.py.__init__():197      Dvi: /home/harry/.cache/matplotlib/tex.cache/568043b047b92d3cbfa016f2bb0fb0ad.dvi
DEBUG:dviread.py._xxx():437      Dvi._xxx: encountered special: papersize=5203.43999pt,5203.43999pt
DEBUG:dviread.py._xxx():437      Dvi._xxx: encountered special: header=l3backend-dvips.pro
DEBUG:texmanager.py.get_font_config():179      fontconfig: sans-serifpplcmsspzccmttd41d8cd98f00b204e9800998ecf8427e
DEBUG:texmanager.py.get_font_config():179      fontconfig: sans-serifpplcmsspzccmttd41d8cd98f00b204e9800998ecf8427e
DEBUG:texmanager.py.get_font_config():179      fontconfig: sans-serifpplcmsspzccmttd41d8cd98f00b204e9800998ecf8427e
DEBUG:dviread.py.__init__():197      Dvi: /home/harry/.cache/matplotlib/tex.cache/fbac4965d22deb42610d04be5e8957ab.dvi
DEBUG:dviread.py._xxx():437      Dvi._xxx: encountered special: papersize=5203.43999pt,5203.43999pt
DEBUG:dviread.py._xxx():437      Dvi._xxx: encountered special: header=l3backend-dvips.pro
DEBUG:texmanager.py.get_font_config():179      fontconfig: sans-serifpplcmsspzccmttd41d8cd98f00b204e9800998ecf8427e
DEBUG:texmanager.py.get_font_config():179      fontconfig: sans-serifpplcmsspzccmttd41d8cd98f00b204e9800998ecf8427e
DEBUG:texmanager.py.get_font_config():179      fontconfig: sans-serifpplcmsspzccmttd41d8cd98f00b204e9800998ecf8427e
DEBUG:dviread.py.__init__():197      Dvi: /home/harry/.cache/matplotlib/tex.cache/4fa2da022e266ec5945f0a635ccdf041.dvi
DEBUG:dviread.py._xxx():437      Dvi._xxx: encountered special: papersize=5203.43999pt,5203.43999pt
DEBUG:dviread.py._xxx():437      Dvi._xxx: encountered special: header=l3backend-dvips.pro
DEBUG:texmanager.py.get_font_config():179      fontconfig: sans-serifpplcmsspzccmttd41d8cd98f00b204e9800998ecf8427e
DEBUG:texmanager.py.get_font_config():179      fontconfig: sans-serifpplcmsspzccmttd41d8cd98f00b204e9800998ecf8427e
DEBUG:texmanager.py.get_font_config():179      fontconfig: sans-serifpplcmsspzccmttd41d8cd98f00b204e9800998ecf8427e
DEBUG:dviread.py.__init__():197      Dvi: /home/harry/.cache/matplotlib/tex.cache/39d47527d8a20bd49b6705c69591a9e2.dvi
DEBUG:dviread.py._xxx():437      Dvi._xxx: encountered special: papersize=5203.43999pt,5203.43999pt
DEBUG:dviread.py._xxx():437      Dvi._xxx: encountered special: header=l3backend-dvips.pro
DEBUG:texmanager.py.get_font_config():179      fontconfig: sans-serifpplcmsspzccmttd41d8cd98f00b204e9800998ecf8427e
DEBUG:texmanager.py.get_font_config():179      fontconfig: sans-serifpplcmsspzccmttd41d8cd98f00b204e9800998ecf8427e
DEBUG:texmanager.py.get_font_config():179      fontconfig: sans-serifpplcmsspzccmttd41d8cd98f00b204e9800998ecf8427e
DEBUG:dviread.py.__init__():197      Dvi: /home/harry/.cache/matplotlib/tex.cache/ff0ce5c8cc95efc2e31fba5433f6d73e.dvi
DEBUG:dviread.py._xxx():437      Dvi._xxx: encountered special: papersize=5203.43999pt,5203.43999pt
DEBUG:dviread.py._xxx():437      Dvi._xxx: encountered special: header=l3backend-dvips.pro
DEBUG:font_manager.py._findfont_cached():1259     findfont: Matching :family=sans-serif:style=normal:variant=normal:weight=normal:stretch=normal:size=15.0.
DEBUG:font_manager.py._findfont_cached():1271     findfont: score(<Font 'cmb10' (cmb10.ttf) normal normal 400 normal>) = 10.05
DEBUG:font_manager.py._findfont_cached():1271     findfont: score(<Font 'STIXSizeTwoSym' (STIXSizTwoSymReg.ttf) normal normal regular normal>) = 10.05
DEBUG:font_manager.py._findfont_cached():1271     findfont: score(<Font 'cmr10' (cmr10.ttf) normal normal 400 normal>) = 10.05
DEBUG:font_manager.py._findfont_cached():1271     findfont: score(<Font 'DejaVu Serif' (DejaVuSerif-Italic.ttf) italic normal 400 normal>) = 11.05
DEBUG:font_manager.py._findfont_cached():1271     findfont: score(<Font 'DejaVu Sans Mono' (DejaVuSansMono.ttf) normal normal 400 normal>) = 10.05
DEBUG:font_manager.py._findfont_cached():1271     findfont: score(<Font 'cmss10' (cmss10.ttf) normal normal 400 normal>) = 10.05
DEBUG:font_manager.py._findfont_cached():1271     findfont: score(<Font 'DejaVu Sans Mono' (DejaVuSansMono-Bold.ttf) normal normal bold normal>) = 10.335
DEBUG:font_manager.py._findfont_cached():1271     findfont: score(<Font 'STIXSizeOneSym' (STIXSizOneSymReg.ttf) normal normal regular normal>) = 10.05
DEBUG:font_manager.py._findfont_cached():1271     findfont: score(<Font 'DejaVu Serif' (DejaVuSerif-Bold.ttf) normal normal bold normal>) = 10.335
DEBUG:font_manager.py._findfont_cached():1271     findfont: score(<Font 'STIXGeneral' (STIXGeneralItalic.ttf) italic normal 400 normal>) = 11.05
DEBUG:font_manager.py._findfont_cached():1271     findfont: score(<Font 'DejaVu Sans' (DejaVuSans.ttf) normal normal 400 normal>) = 0.05
DEBUG:font_manager.py._findfont_cached():1271     findfont: score(<Font 'STIXNonUnicode' (STIXNonUni.ttf) normal normal regular normal>) = 10.05
DEBUG:font_manager.py._findfont_cached():1271     findfont: score(<Font 'STIXGeneral' (STIXGeneralBolIta.ttf) italic normal bold normal>) = 11.335
DEBUG:font_manager.py._findfont_cached():1271     findfont: score(<Font 'cmsy10' (cmsy10.ttf) normal normal 400 normal>) = 10.05
DEBUG:font_manager.py._findfont_cached():1271     findfont: score(<Font 'cmex10' (cmex10.ttf) normal normal 400 normal>) = 10.05
DEBUG:font_manager.py._findfont_cached():1271     findfont: score(<Font 'DejaVu Sans' (DejaVuSans-Bold.ttf) normal normal bold normal>) = 0.33499999999999996
DEBUG:font_manager.py._findfont_cached():1271     findfont: score(<Font 'STIXSizeFourSym' (STIXSizFourSymReg.ttf) normal normal regular normal>) = 10.05
DEBUG:font_manager.py._findfont_cached():1271     findfont: score(<Font 'STIXSizeFourSym' (STIXSizFourSymBol.ttf) normal normal bold normal>) = 10.335
DEBUG:font_manager.py._findfont_cached():1271     findfont: score(<Font 'DejaVu Sans Mono' (DejaVuSansMono-BoldOblique.ttf) oblique normal bold normal>) = 11.335
DEBUG:font_manager.py._findfont_cached():1271     findfont: score(<Font 'STIXNonUnicode' (STIXNonUniBol.ttf) normal normal bold normal>) = 10.335
DEBUG:font_manager.py._findfont_cached():1271     findfont: score(<Font 'DejaVu Serif' (DejaVuSerif-BoldItalic.ttf) italic normal bold normal>) = 11.335
DEBUG:font_manager.py._findfont_cached():1271     findfont: score(<Font 'DejaVu Sans' (DejaVuSans-BoldOblique.ttf) oblique normal bold normal>) = 1.335
DEBUG:font_manager.py._findfont_cached():1271     findfont: score(<Font 'STIXNonUnicode' (STIXNonUniBolIta.ttf) italic normal bold normal>) = 11.335
DEBUG:font_manager.py._findfont_cached():1271     findfont: score(<Font 'STIXSizeThreeSym' (STIXSizThreeSymReg.ttf) normal normal regular normal>) = 10.05
DEBUG:font_manager.py._findfont_cached():1271     findfont: score(<Font 'STIXSizeFiveSym' (STIXSizFiveSymReg.ttf) normal normal regular normal>) = 10.05
DEBUG:font_manager.py._findfont_cached():1271     findfont: score(<Font 'cmtt10' (cmtt10.ttf) normal normal 400 normal>) = 10.05
DEBUG:font_manager.py._findfont_cached():1271     findfont: score(<Font 'cmmi10' (cmmi10.ttf) normal normal 400 normal>) = 10.05
DEBUG:font_manager.py._findfont_cached():1271     findfont: score(<Font 'STIXSizeThreeSym' (STIXSizThreeSymBol.ttf) normal normal bold normal>) = 10.335
DEBUG:font_manager.py._findfont_cached():1271     findfont: score(<Font 'STIXNonUnicode' (STIXNonUniIta.ttf) italic normal 400 normal>) = 11.05
DEBUG:font_manager.py._findfont_cached():1271     findfont: score(<Font 'DejaVu Serif' (DejaVuSerif.ttf) normal normal 400 normal>) = 10.05
DEBUG:font_manager.py._findfont_cached():1271     findfont: score(<Font 'DejaVu Sans Display' (DejaVuSansDisplay.ttf) normal normal 400 normal>) = 10.05
DEBUG:font_manager.py._findfont_cached():1271     findfont: score(<Font 'STIXSizeTwoSym' (STIXSizTwoSymBol.ttf) normal normal bold normal>) = 10.335
DEBUG:font_manager.py._findfont_cached():1271     findfont: score(<Font 'STIXGeneral' (STIXGeneralBol.ttf) normal normal bold normal>) = 10.335
DEBUG:font_manager.py._findfont_cached():1271     findfont: score(<Font 'STIXSizeOneSym' (STIXSizOneSymBol.ttf) normal normal bold normal>) = 10.335
DEBUG:font_manager.py._findfont_cached():1271     findfont: score(<Font 'STIXGeneral' (STIXGeneral.ttf) normal normal regular normal>) = 10.05
DEBUG:font_manager.py._findfont_cached():1271     findfont: score(<Font 'DejaVu Sans Mono' (DejaVuSansMono-Oblique.ttf) oblique normal 400 normal>) = 11.05
DEBUG:font_manager.py._findfont_cached():1271     findfont: score(<Font 'DejaVu Sans' (DejaVuSans-Oblique.ttf) oblique normal 400 normal>) = 1.05
DEBUG:font_manager.py._findfont_cached():1271     findfont: score(<Font 'DejaVu Serif Display' (DejaVuSerifDisplay.ttf) normal normal 400 normal>) = 10.05
DEBUG:font_manager.py._findfont_cached():1271     findfont: score(<Font 'Norasi' (Norasi-Oblique.ttf) oblique normal 400 normal>) = 11.05
DEBUG:font_manager.py._findfont_cached():1271     findfont: score(<Font 'Ubuntu' (Ubuntu-Th.ttf) normal normal 400 normal>) = 10.05
DEBUG:font_manager.py._findfont_cached():1271     findfont: score(<Font 'Liberation Sans' (LiberationSans-BoldItalic.ttf) italic normal bold normal>) = 11.335
DEBUG:font_manager.py._findfont_cached():1271     findfont: score(<Font 'URW Gothic' (URWGothic-BookOblique.otf) oblique normal book normal>) = 11.05
DEBUG:font_manager.py._findfont_cached():1271     findfont: score(<Font 'Samanata' (samanata.ttf) normal normal 400 normal>) = 10.05
DEBUG:font_manager.py._findfont_cached():1271     findfont: score(<Font 'RaghuMalayalamSans' (RaghuMalayalamSans-Regular.ttf) normal normal regular normal>) = 10.05
DEBUG:font_manager.py._findfont_cached():1271     findfont: score(<Font 'KacstOffice' (KacstOffice.ttf) normal normal 400 normal>) = 10.05
DEBUG:font_manager.py._findfont_cached():1271     findfont: score(<Font 'Nimbus Sans' (NimbusSans-BoldItalic.otf) italic normal bold normal>) = 11.335
DEBUG:font_manager.py._findfont_cached():1271     findfont: score(<Font 'Phetsarath OT' (Phetsarath_OT.ttf) normal normal 400 normal>) = 10.05
DEBUG:font_manager.py._findfont_cached():1271     findfont: score(<Font 'Tlwg Typo' (TlwgTypo-Bold.ttf) normal normal bold normal>) = 10.335
DEBUG:font_manager.py._findfont_cached():1271     findfont: score(<Font 'P052' (P052-Bold.otf) normal normal bold normal>) = 10.335
DEBUG:font_manager.py._findfont_cached():1271     findfont: score(<Font 'Garuda' (Garuda-Oblique.ttf) oblique normal 400 normal>) = 11.05
DEBUG:font_manager.py._findfont_cached():1271     findfont: score(<Font 'Mitra Mono' (mitra.ttf) normal normal 400 normal>) = 10.05
DEBUG:font_manager.py._findfont_cached():1271     findfont: score(<Font 'Nimbus Sans' (NimbusSans-Regular.otf) normal normal 400 normal>) = 10.05
DEBUG:font_manager.py._findfont_cached():1271     findfont: score(<Font 'Padauk Book' (PadaukBook-Regular.ttf) normal normal book normal>) = 10.05
DEBUG:font_manager.py._findfont_cached():1271     findfont: score(<Font 'Nimbus Roman' (NimbusRoman-Bold.otf) normal normal roman normal>) = 10.145
DEBUG:font_manager.py._findfont_cached():1271     findfont: score(<Font 'Tlwg Mono' (TlwgMono-Oblique.ttf) oblique normal 400 normal>) = 11.05
DEBUG:font_manager.py._findfont_cached():1271     findfont: score(<Font 'Ubuntu' (Ubuntu-BI.ttf) italic normal bold normal>) = 11.335
DEBUG:font_manager.py._findfont_cached():1271     findfont: score(<Font 'Liberation Mono' (LiberationMono-BoldItalic.ttf) italic normal bold normal>) = 11.335
DEBUG:font_manager.py._findfont_cached():1271     findfont: score(<Font 'AnjaliOldLipi' (AnjaliOldLipi-Regular.ttf) normal normal regular normal>) = 10.05
DEBUG:font_manager.py._findfont_cached():1271     findfont: score(<Font 'Noto Serif CJK JP' (NotoSerifCJK-Bold.ttc) normal normal bold normal>) = 10.335
DEBUG:font_manager.py._findfont_cached():1271     findfont: score(<Font 'Umpush' (Umpush-LightOblique.ttf) oblique normal light normal>) = 11.24
DEBUG:font_manager.py._findfont_cached():1271     findfont: score(<Font 'Yrsa' (Yrsa-SemiBold.ttf) normal normal semibold normal>) = 10.24
DEBUG:font_manager.py._findfont_cached():1271     findfont: score(<Font 'Ubuntu Mono' (UbuntuMono-BI.ttf) italic normal bold normal>) = 11.335
DEBUG:font_manager.py._findfont_cached():1271     findfont: score(<Font 'mry_KacstQurn' (mry_KacstQurn.ttf) normal normal 400 normal>) = 10.05
DEBUG:font_manager.py._findfont_cached():1271     findfont: score(<Font 'Tlwg Typewriter' (TlwgTypewriter.ttf) normal normal 400 normal>) = 10.05
DEBUG:font_manager.py._findfont_cached():1271     findfont: score(<Font 'Nimbus Roman' (NimbusRoman-Regular.otf) normal normal roman normal>) = 10.145
DEBUG:font_manager.py._findfont_cached():1271     findfont: score(<Font 'Liberation Mono' (LiberationMono-Regular.ttf) normal normal 400 normal>) = 10.05
DEBUG:font_manager.py._findfont_cached():1271     findfont: score(<Font 'ori1Uni' (utkal.ttf) normal normal medium normal>) = 10.145
DEBUG:font_manager.py._findfont_cached():1271     findfont: score(<Font 'Lohit Tamil' (Lohit-Tamil.ttf) normal normal 400 normal>) = 10.05
DEBUG:font_manager.py._findfont_cached():1271     findfont: score(<Font 'FreeSerif' (FreeSerifBold.ttf) normal normal bold normal>) = 10.335
DEBUG:font_manager.py._findfont_cached():1271     findfont: score(<Font 'Lohit Kannada' (Lohit-Kannada.ttf) normal normal 400 normal>) = 10.05
DEBUG:font_manager.py._findfont_cached():1271     findfont: score(<Font 'Manjari' (Manjari-Regular.otf) normal normal regular normal>) = 10.05
DEBUG:font_manager.py._findfont_cached():1271     findfont: score(<Font 'Samyak Devanagari' (Samyak-Devanagari.ttf) normal normal 400 normal>) = 10.05
DEBUG:font_manager.py._findfont_cached():1271     findfont: score(<Font 'Suruma' (Suruma.ttf) normal normal 400 normal>) = 10.05
DEBUG:font_manager.py._findfont_cached():1271     findfont: score(<Font 'Nimbus Mono PS' (NimbusMonoPS-BoldItalic.otf) italic normal bold normal>) = 11.335
DEBUG:font_manager.py._findfont_cached():1271     findfont: score(<Font 'Ubuntu' (Ubuntu-R.ttf) normal normal 400 normal>) = 10.05
DEBUG:font_manager.py._findfont_cached():1271     findfont: score(<Font 'Noto Sans CJK JP' (NotoSansCJK-Regular.ttc) normal normal 400 normal>) = 10.05
DEBUG:font_manager.py._findfont_cached():1271     findfont: score(<Font 'padmaa-Bold.1.1' (padmaa-Bold.1.1.ttf) normal normal bold normal>) = 10.335
DEBUG:font_manager.py._findfont_cached():1271     findfont: score(<Font 'Gargi' (Gargi.ttf) normal normal 400 normal>) = 10.05
DEBUG:font_manager.py._findfont_cached():1271     findfont: score(<Font 'Keraleeyam' (Keraleeyam-Regular.ttf) normal normal regular normal>) = 10.05
DEBUG:font_manager.py._findfont_cached():1271     findfont: score(<Font 'C059' (C059-Bold.otf) normal normal bold normal>) = 10.335
DEBUG:font_manager.py._findfont_cached():1271     findfont: score(<Font 'OpenSymbol' (opens___.ttf) normal normal 400 normal>) = 10.05
DEBUG:font_manager.py._findfont_cached():1271     findfont: score(<Font 'Purisa' (Purisa-Bold.ttf) normal normal bold normal>) = 10.335
DEBUG:font_manager.py._findfont_cached():1271     findfont: score(<Font 'FreeSans' (FreeSansBold.ttf) normal normal bold normal>) = 10.335
DEBUG:font_manager.py._findfont_cached():1271     findfont: score(<Font 'Saab' (Saab.ttf) normal normal 400 normal>) = 10.05
DEBUG:font_manager.py._findfont_cached():1271     findfont: score(<Font 'Purisa' (Purisa.ttf) normal normal 400 normal>) = 10.05
DEBUG:font_manager.py._findfont_cached():1271     findfont: score(<Font 'Sawasdee' (Sawasdee-Oblique.ttf) oblique normal 400 normal>) = 11.05
DEBUG:font_manager.py._findfont_cached():1271     findfont: score(<Font 'Jamrul' (JamrulNormal.ttf) normal normal 400 normal>) = 10.05
DEBUG:font_manager.py._findfont_cached():1271     findfont: score(<Font 'Laksaman' (Laksaman-BoldItalic.ttf) italic normal bold normal>) = 11.335
DEBUG:font_manager.py._findfont_cached():1271     findfont: score(<Font 'Karumbi' (Karumbi-Regular.ttf) normal normal regular normal>) = 10.05
DEBUG:font_manager.py._findfont_cached():1271     findfont: score(<Font 'URW Gothic' (URWGothic-Book.otf) normal normal book normal>) = 10.05
DEBUG:font_manager.py._findfont_cached():1271     findfont: score(<Font 'Tlwg Typo' (TlwgTypo-BoldOblique.ttf) oblique normal bold normal>) = 11.335
DEBUG:font_manager.py._findfont_cached():1271     findfont: score(<Font 'Tlwg Mono' (TlwgMono-Bold.ttf) normal normal bold normal>) = 10.335
DEBUG:font_manager.py._findfont_cached():1271     findfont: score(<Font 'Nimbus Sans Narrow' (NimbusSansNarrow-BoldOblique.otf) oblique normal bold condensed>) = 11.535
DEBUG:font_manager.py._findfont_cached():1271     findfont: score(<Font 'LKLUG' (lklug.ttf) normal normal 400 normal>) = 10.05
DEBUG:font_manager.py._findfont_cached():1271     findfont: score(<Font 'Pothana2000' (Pothana2000.ttf) normal normal 400 normal>) = 10.05
DEBUG:font_manager.py._findfont_cached():1271     findfont: score(<Font 'Loma' (Loma-BoldOblique.ttf) oblique normal bold normal>) = 11.335
DEBUG:font_manager.py._findfont_cached():1271     findfont: score(<Font 'Rasa' (Rasa-Regular.ttf) normal normal 400 normal>) = 10.05
DEBUG:font_manager.py._findfont_cached():1271     findfont: score(<Font 'KacstTitleL' (KacstTitleL.ttf) normal normal 400 normal>) = 10.05
DEBUG:font_manager.py._findfont_cached():1271     findfont: score(<Font 'Ubuntu' (Ubuntu-RI.ttf) italic normal 400 normal>) = 11.05
DEBUG:font_manager.py._findfont_cached():1271     findfont: score(<Font 'Tlwg Typewriter' (TlwgTypewriter-BoldOblique.ttf) oblique normal bold normal>) = 11.335
DEBUG:font_manager.py._findfont_cached():1271     findfont: score(<Font 'Umpush' (Umpush-BoldOblique.ttf) oblique normal bold normal>) = 11.335
DEBUG:font_manager.py._findfont_cached():1271     findfont: score(<Font 'Sawasdee' (Sawasdee.ttf) normal normal 400 normal>) = 10.05
DEBUG:font_manager.py._findfont_cached():1271     findfont: score(<Font 'Navilu' (Navilu.ttf) normal normal 400 normal>) = 10.05
DEBUG:font_manager.py._findfont_cached():1271     findfont: score(<Font 'Standard Symbols PS' (StandardSymbolsPS.otf) normal normal 400 normal>) = 10.05
DEBUG:font_manager.py._findfont_cached():1271     findfont: score(<Font 'Liberation Serif' (LiberationSerif-Italic.ttf) italic normal 400 normal>) = 11.05
DEBUG:font_manager.py._findfont_cached():1271     findfont: score(<Font 'Noto Serif CJK JP' (NotoSerifCJK-Regular.ttc) normal normal 400 normal>) = 10.05
DEBUG:font_manager.py._findfont_cached():1271     findfont: score(<Font 'Lohit Odia' (Lohit-Odia.ttf) normal normal 400 normal>) = 10.05
DEBUG:font_manager.py._findfont_cached():1271     findfont: score(<Font 'Khmer OS System' (KhmerOSsys.ttf) normal normal 400 normal>) = 10.05
DEBUG:font_manager.py._findfont_cached():1271     findfont: score(<Font 'Nimbus Mono PS' (NimbusMonoPS-Regular.otf) normal normal 400 normal>) = 10.05
DEBUG:font_manager.py._findfont_cached():1271     findfont: score(<Font 'URW Bookman' (URWBookman-Demi.otf) normal normal book normal>) = 10.05
DEBUG:font_manager.py._findfont_cached():1271     findfont: score(<Font 'aakar' (aakar-medium.ttf) normal normal 400 normal>) = 10.05
DEBUG:font_manager.py._findfont_cached():1271     findfont: score(<Font 'FreeSans' (FreeSansBoldOblique.ttf) oblique normal bold normal>) = 11.335
DEBUG:font_manager.py._findfont_cached():1271     findfont: score(<Font 'Purisa' (Purisa-BoldOblique.ttf) oblique normal bold normal>) = 11.335
DEBUG:font_manager.py._findfont_cached():1271     findfont: score(<Font 'KacstPoster' (KacstPoster.ttf) normal normal 400 normal>) = 10.05
DEBUG:font_manager.py._findfont_cached():1271     findfont: score(<Font 'Lohit Gujarati' (Lohit-Gujarati.ttf) normal normal 400 normal>) = 10.05
DEBUG:font_manager.py._findfont_cached():1271     findfont: score(<Font 'Lohit Gurmukhi' (Lohit-Gurmukhi.ttf) normal normal 400 normal>) = 10.05
DEBUG:font_manager.py._findfont_cached():1271     findfont: score(<Font 'Lohit Telugu' (Lohit-Telugu.ttf) normal normal 400 normal>) = 10.05
DEBUG:font_manager.py._findfont_cached():1271     findfont: score(<Font 'Laksaman' (Laksaman.ttf) normal normal 400 normal>) = 10.05
DEBUG:font_manager.py._findfont_cached():1271     findfont: score(<Font 'P052' (P052-Italic.otf) italic normal 400 normal>) = 11.05
DEBUG:font_manager.py._findfont_cached():1271     findfont: score(<Font 'Ani' (ani.ttf) normal normal 400 normal>) = 10.05
DEBUG:font_manager.py._findfont_cached():1271     findfont: score(<Font 'Garuda' (Garuda-Bold.ttf) normal normal bold normal>) = 10.335
DEBUG:font_manager.py._findfont_cached():1271     findfont: score(<Font 'KacstOne' (KacstOne-Bold.ttf) normal normal bold normal>) = 10.335
DEBUG:font_manager.py._findfont_cached():1271     findfont: score(<Font 'Rasa' (Rasa-SemiBold.ttf) normal normal semibold normal>) = 10.24
DEBUG:font_manager.py._findfont_cached():1271     findfont: score(<Font 'Gayathri' (Gayathri-Thin.otf) normal normal 400 normal>) = 10.05
DEBUG:font_manager.py._findfont_cached():1271     findfont: score(<Font 'Liberation Sans' (LiberationSans-Regular.ttf) normal normal 400 normal>) = 10.05
DEBUG:font_manager.py._findfont_cached():1271     findfont: score(<Font 'Garuda' (Garuda-BoldOblique.ttf) oblique normal bold normal>) = 11.335
DEBUG:font_manager.py._findfont_cached():1271     findfont: score(<Font 'Norasi' (Norasi-BoldItalic.ttf) italic normal bold normal>) = 11.335
DEBUG:font_manager.py._findfont_cached():1271     findfont: score(<Font 'Kinnari' (Kinnari.ttf) normal normal 400 normal>) = 10.05
DEBUG:font_manager.py._findfont_cached():1271     findfont: score(<Font 'Loma' (Loma-Oblique.ttf) oblique normal 400 normal>) = 11.05
DEBUG:font_manager.py._findfont_cached():1271     findfont: score(<Font 'Padauk Book' (PadaukBook-Bold.ttf) normal normal book normal>) = 10.05
DEBUG:font_manager.py._findfont_cached():1271     findfont: score(<Font 'Gubbi' (Gubbi.ttf) normal normal 400 normal>) = 10.05
DEBUG:font_manager.py._findfont_cached():1271     findfont: score(<Font 'Umpush' (Umpush-Oblique.ttf) oblique normal 400 normal>) = 11.05
DEBUG:font_manager.py._findfont_cached():1271     findfont: score(<Font 'Tlwg Typewriter' (TlwgTypewriter-Oblique.ttf) oblique normal 400 normal>) = 11.05
DEBUG:font_manager.py._findfont_cached():1271     findfont: score(<Font 'Nimbus Mono PS' (NimbusMonoPS-Italic.otf) italic normal 400 normal>) = 11.05
DEBUG:font_manager.py._findfont_cached():1271     findfont: score(<Font 'Purisa' (Purisa-Oblique.ttf) oblique normal 400 normal>) = 11.05
DEBUG:font_manager.py._findfont_cached():1271     findfont: score(<Font 'padmaa' (padmaa-Medium-0.5.ttf) normal normal normal normal>) = 10.0
DEBUG:font_manager.py._findfont_cached():1271     findfont: score(<Font 'Liberation Sans Narrow' (LiberationSansNarrow-BoldItalic.ttf) italic normal bold condensed>) = 11.535
DEBUG:font_manager.py._findfont_cached():1271     findfont: score(<Font 'Lohit Devanagari' (Lohit-Devanagari.ttf) normal normal 400 normal>) = 10.05
DEBUG:font_manager.py._findfont_cached():1271     findfont: score(<Font 'URW Bookman' (URWBookman-LightItalic.otf) italic normal light normal>) = 11.24
DEBUG:font_manager.py._findfont_cached():1271     findfont: score(<Font 'Droid Sans Fallback' (DroidSansFallbackFull.ttf) normal normal 400 normal>) = 10.05
DEBUG:font_manager.py._findfont_cached():1271     findfont: score(<Font 'Ubuntu Mono' (UbuntuMono-B.ttf) normal normal bold normal>) = 10.335
DEBUG:font_manager.py._findfont_cached():1271     findfont: score(<Font 'Sawasdee' (Sawasdee-Bold.ttf) normal normal bold normal>) = 10.335
DEBUG:font_manager.py._findfont_cached():1271     findfont: score(<Font 'KacstFarsi' (KacstFarsi.ttf) normal normal 400 normal>) = 10.05
DEBUG:font_manager.py._findfont_cached():1271     findfont: score(<Font 'Waree' (Waree-Bold.ttf) normal normal bold normal>) = 10.335
DEBUG:font_manager.py._findfont_cached():1271     findfont: score(<Font 'KacstOne' (KacstOne.ttf) normal normal 400 normal>) = 10.05
DEBUG:font_manager.py._findfont_cached():1271     findfont: score(<Font 'Nimbus Roman' (NimbusRoman-Italic.otf) italic normal roman normal>) = 11.145
DEBUG:font_manager.py._findfont_cached():1271     findfont: score(<Font 'Lohit Tamil Classical' (Lohit-Tamil-Classical.ttf) normal normal 400 normal>) = 10.05
DEBUG:font_manager.py._findfont_cached():1271     findfont: score(<Font 'Liberation Serif' (LiberationSerif-BoldItalic.ttf) italic normal bold normal>) = 11.335
DEBUG:font_manager.py._findfont_cached():1271     findfont: score(<Font 'Nimbus Roman' (NimbusRoman-BoldItalic.otf) italic normal roman normal>) = 11.145
DEBUG:font_manager.py._findfont_cached():1271     findfont: score(<Font 'Nimbus Sans Narrow' (NimbusSansNarrow-Oblique.otf) oblique normal 400 condensed>) = 11.25
DEBUG:font_manager.py._findfont_cached():1271     findfont: score(<Font 'D050000L' (D050000L.otf) normal normal 400 normal>) = 10.05
DEBUG:font_manager.py._findfont_cached():1271     findfont: score(<Font 'URW Gothic' (URWGothic-Demi.otf) normal normal demi normal>) = 10.24
DEBUG:font_manager.py._findfont_cached():1271     findfont: score(<Font 'Liberation Mono' (LiberationMono-Italic.ttf) italic normal 400 normal>) = 11.05
DEBUG:font_manager.py._findfont_cached():1271     findfont: score(<Font 'Sarai' (Sarai.ttf) normal normal 400 normal>) = 10.05
DEBUG:font_manager.py._findfont_cached():1271     findfont: score(<Font 'Tlwg Typist' (TlwgTypist.ttf) normal normal 400 normal>) = 10.05
DEBUG:font_manager.py._findfont_cached():1271     findfont: score(<Font 'Loma' (Loma.ttf) normal normal 400 normal>) = 10.05
DEBUG:font_manager.py._findfont_cached():1271     findfont: score(<Font 'Rekha' (Rekha.ttf) normal normal 400 normal>) = 10.05
DEBUG:font_manager.py._findfont_cached():1271     findfont: score(<Font 'Waree' (Waree-BoldOblique.ttf) oblique normal bold normal>) = 11.335
DEBUG:font_manager.py._findfont_cached():1271     findfont: score(<Font 'P052' (P052-Roman.otf) normal normal roman normal>) = 10.145
DEBUG:font_manager.py._findfont_cached():1271     findfont: score(<Font 'Kinnari' (Kinnari-Bold.ttf) normal normal bold normal>) = 10.335
DEBUG:font_manager.py._findfont_cached():1271     findfont: score(<Font 'padmaa' (padmaa.ttf) normal normal 400 normal>) = 10.05
DEBUG:font_manager.py._findfont_cached():1271     findfont: score(<Font 'Liberation Serif' (LiberationSerif-Regular.ttf) normal normal 400 normal>) = 10.05
DEBUG:font_manager.py._findfont_cached():1271     findfont: score(<Font 'KacstDigital' (KacstDigital.ttf) normal normal 400 normal>) = 10.05
DEBUG:font_manager.py._findfont_cached():1271     findfont: score(<Font 'Umpush' (Umpush.ttf) normal normal 400 normal>) = 10.05
DEBUG:font_manager.py._findfont_cached():1271     findfont: score(<Font 'Liberation Sans' (LiberationSans-Bold.ttf) normal normal bold normal>) = 10.335
DEBUG:font_manager.py._findfont_cached():1271     findfont: score(<Font 'Liberation Mono' (LiberationMono-Bold.ttf) normal normal bold normal>) = 10.335
DEBUG:font_manager.py._findfont_cached():1271     findfont: score(<Font 'FreeMono' (FreeMono.ttf) normal normal 400 normal>) = 10.05
DEBUG:font_manager.py._findfont_cached():1271     findfont: score(<Font 'Norasi' (Norasi.ttf) normal normal 400 normal>) = 10.05
DEBUG:font_manager.py._findfont_cached():1271     findfont: score(<Font 'Samyak Malayalam' (Samyak-Malayalam.ttf) normal normal 400 normal>) = 10.05
DEBUG:font_manager.py._findfont_cached():1271     findfont: score(<Font 'Nimbus Sans' (NimbusSans-Italic.otf) italic normal 400 normal>) = 11.05
DEBUG:font_manager.py._findfont_cached():1271     findfont: score(<Font 'Nimbus Sans Narrow' (NimbusSansNarrow-Bold.otf) normal normal bold condensed>) = 10.535
DEBUG:font_manager.py._findfont_cached():1271     findfont: score(<Font 'Liberation Sans' (LiberationSans-Italic.ttf) italic normal 400 normal>) = 11.05
DEBUG:font_manager.py._findfont_cached():1271     findfont: score(<Font 'FreeSerif' (FreeSerifItalic.ttf) italic normal 400 normal>) = 11.05
DEBUG:font_manager.py._findfont_cached():1271     findfont: score(<Font 'C059' (C059-Italic.otf) italic normal 400 normal>) = 11.05
DEBUG:font_manager.py._findfont_cached():1271     findfont: score(<Font 'FreeSerif' (FreeSerif.ttf) normal normal 400 normal>) = 10.05
DEBUG:font_manager.py._findfont_cached():1271     findfont: score(<Font 'Lohit Assamese' (Lohit-Assamese.ttf) normal normal 400 normal>) = 10.05
DEBUG:font_manager.py._findfont_cached():1271     findfont: score(<Font 'Garuda' (Garuda.ttf) normal normal 400 normal>) = 10.05
DEBUG:font_manager.py._findfont_cached():1271     findfont: score(<Font 'Dyuthi' (Dyuthi-Regular.ttf) normal normal regular normal>) = 10.05
DEBUG:font_manager.py._findfont_cached():1271     findfont: score(<Font 'Padauk' (Padauk-Regular.ttf) normal normal 400 normal>) = 10.05
DEBUG:font_manager.py._findfont_cached():1271     findfont: score(<Font 'FreeMono' (FreeMonoBoldOblique.ttf) oblique normal bold normal>) = 11.335
DEBUG:font_manager.py._findfont_cached():1271     findfont: score(<Font 'Rasa' (Rasa-Bold.ttf) normal normal bold normal>) = 10.335
DEBUG:font_manager.py._findfont_cached():1271     findfont: score(<Font 'FreeSans' (FreeSans.ttf) normal normal 400 normal>) = 10.05
DEBUG:font_manager.py._findfont_cached():1271     findfont: score(<Font 'Ubuntu Mono' (UbuntuMono-R.ttf) normal normal 400 normal>) = 10.05
DEBUG:font_manager.py._findfont_cached():1271     findfont: score(<Font 'KacstQurn' (KacstQurn.ttf) normal normal 400 normal>) = 10.05
DEBUG:font_manager.py._findfont_cached():1271     findfont: score(<Font 'Nimbus Sans' (NimbusSans-Bold.otf) normal normal bold normal>) = 10.335
DEBUG:font_manager.py._findfont_cached():1271     findfont: score(<Font 'Likhan' (LikhanNormal.ttf) normal normal 400 normal>) = 10.05
DEBUG:font_manager.py._findfont_cached():1271     findfont: score(<Font 'Lohit Bengali' (Lohit-Bengali.ttf) normal normal 400 normal>) = 10.05
DEBUG:font_manager.py._findfont_cached():1271     findfont: score(<Font 'C059' (C059-BdIta.otf) italic normal bold normal>) = 11.335
DEBUG:font_manager.py._findfont_cached():1271     findfont: score(<Font 'Norasi' (Norasi-Bold.ttf) normal normal bold normal>) = 10.335
DEBUG:font_manager.py._findfont_cached():1271     findfont: score(<Font 'Tlwg Typo' (TlwgTypo-Oblique.ttf) oblique normal 400 normal>) = 11.05
DEBUG:font_manager.py._findfont_cached():1271     findfont: score(<Font 'FreeSans' (FreeSansOblique.ttf) oblique normal 400 normal>) = 11.05
DEBUG:font_manager.py._findfont_cached():1271     findfont: score(<Font 'Noto Sans CJK JP' (NotoSansCJK-Bold.ttc) normal normal bold normal>) = 10.335
DEBUG:font_manager.py._findfont_cached():1271     findfont: score(<Font 'Umpush' (Umpush-Bold.ttf) normal normal bold normal>) = 10.335
DEBUG:font_manager.py._findfont_cached():1271     findfont: score(<Font 'C059' (C059-Roman.otf) normal normal roman normal>) = 10.145
DEBUG:font_manager.py._findfont_cached():1271     findfont: score(<Font 'Tlwg Mono' (TlwgMono.ttf) normal normal 400 normal>) = 10.05
DEBUG:font_manager.py._findfont_cached():1271     findfont: score(<Font 'Kinnari' (Kinnari-Oblique.ttf) oblique normal 400 normal>) = 11.05
DEBUG:font_manager.py._findfont_cached():1271     findfont: score(<Font 'Noto Mono' (NotoMono-Regular.ttf) normal normal 400 normal>) = 10.05
DEBUG:font_manager.py._findfont_cached():1271     findfont: score(<Font 'Manjari' (Manjari-Bold.otf) normal normal bold normal>) = 10.335
DEBUG:font_manager.py._findfont_cached():1271     findfont: score(<Font 'Liberation Sans Narrow' (LiberationSansNarrow-Regular.ttf) normal normal 400 condensed>) = 10.25
DEBUG:font_manager.py._findfont_cached():1271     findfont: score(<Font 'Ubuntu' (Ubuntu-LI.ttf) italic normal light normal>) = 11.24
DEBUG:font_manager.py._findfont_cached():1271     findfont: score(<Font 'Manjari' (Manjari-Thin.otf) normal normal 400 normal>) = 10.05
DEBUG:font_manager.py._findfont_cached():1271     findfont: score(<Font 'Z003' (Z003-MediumItalic.otf) italic normal medium normal>) = 11.145
DEBUG:font_manager.py._findfont_cached():1271     findfont: score(<Font 'Rachana' (Rachana-Regular.ttf) normal normal regular normal>) = 10.05
DEBUG:font_manager.py._findfont_cached():1271     findfont: score(<Font 'Waree' (Waree-Oblique.ttf) oblique normal 400 normal>) = 11.05
DEBUG:font_manager.py._findfont_cached():1271     findfont: score(<Font 'Yrsa' (Yrsa-Light.ttf) normal normal light normal>) = 10.24
DEBUG:font_manager.py._findfont_cached():1271     findfont: score(<Font 'Rasa' (Rasa-Medium.ttf) normal normal medium normal>) = 10.145
DEBUG:font_manager.py._findfont_cached():1271     findfont: score(<Font 'Vemana2000' (vemana2000.ttf) normal normal 400 normal>) = 10.05
DEBUG:font_manager.py._findfont_cached():1271     findfont: score(<Font 'KacstPen' (KacstPen.ttf) normal normal 400 normal>) = 10.05
DEBUG:font_manager.py._findfont_cached():1271     findfont: score(<Font 'Lohit Malayalam' (Lohit-Malayalam.ttf) normal normal 400 normal>) = 10.05
DEBUG:font_manager.py._findfont_cached():1271     findfont: score(<Font 'Tlwg Typist' (TlwgTypist-Bold.ttf) normal normal bold normal>) = 10.335
DEBUG:font_manager.py._findfont_cached():1271     findfont: score(<Font 'Tlwg Typist' (TlwgTypist-Oblique.ttf) oblique normal 400 normal>) = 11.05
DEBUG:font_manager.py._findfont_cached():1271     findfont: score(<Font 'Ubuntu' (Ubuntu-MI.ttf) italic normal medium normal>) = 11.145
DEBUG:font_manager.py._findfont_cached():1271     findfont: score(<Font 'Ubuntu' (Ubuntu-B.ttf) normal normal bold normal>) = 10.335
DEBUG:font_manager.py._findfont_cached():1271     findfont: score(<Font 'Loma' (Loma-Bold.ttf) normal normal bold normal>) = 10.335
DEBUG:font_manager.py._findfont_cached():1271     findfont: score(<Font 'URW Gothic' (URWGothic-DemiOblique.otf) oblique normal demi normal>) = 11.24
DEBUG:font_manager.py._findfont_cached():1271     findfont: score(<Font 'Kalapi' (Kalapi.ttf) normal normal 400 normal>) = 10.05
DEBUG:font_manager.py._findfont_cached():1271     findfont: score(<Font 'Pagul' (Pagul.ttf) normal normal 400 normal>) = 10.05
DEBUG:font_manager.py._findfont_cached():1271     findfont: score(<Font 'Tlwg Typo' (TlwgTypo.ttf) normal normal 400 normal>) = 10.05
DEBUG:font_manager.py._findfont_cached():1271     findfont: score(<Font 'URW Bookman' (URWBookman-DemiItalic.otf) italic normal book normal>) = 11.05
DEBUG:font_manager.py._findfont_cached():1271     findfont: score(<Font 'KacstDecorative' (KacstDecorative.ttf) normal normal 400 normal>) = 10.05
DEBUG:font_manager.py._findfont_cached():1271     findfont: score(<Font 'Kinnari' (Kinnari-Italic.ttf) italic normal 400 normal>) = 11.05
DEBUG:font_manager.py._findfont_cached():1271     findfont: score(<Font 'Laksaman' (Laksaman-Italic.ttf) italic normal 400 normal>) = 11.05
DEBUG:font_manager.py._findfont_cached():1271     findfont: score(<Font 'Gayathri' (Gayathri-Regular.otf) normal normal regular normal>) = 10.05
DEBUG:font_manager.py._findfont_cached():1271     findfont: score(<Font 'Kinnari' (Kinnari-BoldOblique.ttf) oblique normal bold normal>) = 11.335
DEBUG:font_manager.py._findfont_cached():1271     findfont: score(<Font 'Nakula' (nakula.ttf) normal normal 400 normal>) = 10.05
DEBUG:font_manager.py._findfont_cached():1271     findfont: score(<Font 'Nimbus Sans Narrow' (NimbusSansNarrow-Regular.otf) normal normal 400 condensed>) = 10.25
DEBUG:font_manager.py._findfont_cached():1271     findfont: score(<Font 'Gayathri' (Gayathri-Bold.otf) normal normal bold normal>) = 10.335
DEBUG:font_manager.py._findfont_cached():1271     findfont: score(<Font 'Samyak Gujarati' (Samyak-Gujarati.ttf) normal normal 400 normal>) = 10.05
DEBUG:font_manager.py._findfont_cached():1271     findfont: score(<Font 'Meera' (Meera-Regular.ttf) normal normal regular normal>) = 10.05
DEBUG:font_manager.py._findfont_cached():1271     findfont: score(<Font 'Liberation Sans Narrow' (LiberationSansNarrow-Bold.ttf) normal normal bold condensed>) = 10.535
DEBUG:font_manager.py._findfont_cached():1271     findfont: score(<Font 'Norasi' (Norasi-Italic.ttf) italic normal 400 normal>) = 11.05
DEBUG:font_manager.py._findfont_cached():1271     findfont: score(<Font 'Liberation Serif' (LiberationSerif-Bold.ttf) normal normal bold normal>) = 10.335
DEBUG:font_manager.py._findfont_cached():1271     findfont: score(<Font 'Laksaman' (Laksaman-Bold.ttf) normal normal bold normal>) = 10.335
DEBUG:font_manager.py._findfont_cached():1271     findfont: score(<Font 'Kalimati' (kalimati.ttf) normal normal 400 normal>) = 10.05
DEBUG:font_manager.py._findfont_cached():1271     findfont: score(<Font 'Yrsa' (Yrsa-Regular.ttf) normal normal 400 normal>) = 10.05
DEBUG:font_manager.py._findfont_cached():1271     findfont: score(<Font 'Khmer OS' (KhmerOS.ttf) normal normal 400 normal>) = 10.05
DEBUG:font_manager.py._findfont_cached():1271     findfont: score(<Font 'Yrsa' (Yrsa-Medium.ttf) normal normal medium normal>) = 10.145
DEBUG:font_manager.py._findfont_cached():1271     findfont: score(<Font 'Mukti Narrow' (MuktiNarrow.ttf) normal normal 400 normal>) = 10.05
DEBUG:font_manager.py._findfont_cached():1271     findfont: score(<Font 'Mukti Narrow' (MuktiNarrowBold.ttf) normal normal 700 normal>) = 10.335
DEBUG:font_manager.py._findfont_cached():1271     findfont: score(<Font 'Ubuntu' (Ubuntu-M.ttf) normal normal medium normal>) = 10.145
DEBUG:font_manager.py._findfont_cached():1271     findfont: score(<Font 'Tibetan Machine Uni' (TibetanMachineUni.ttf) normal normal 400 normal>) = 10.05
DEBUG:font_manager.py._findfont_cached():1271     findfont: score(<Font 'Chilanka' (Chilanka-Regular.otf) normal normal regular normal>) = 10.05
DEBUG:font_manager.py._findfont_cached():1271     findfont: score(<Font 'Sawasdee' (Sawasdee-BoldOblique.ttf) oblique normal bold normal>) = 11.335
DEBUG:font_manager.py._findfont_cached():1271     findfont: score(<Font 'P052' (P052-BoldItalic.otf) italic normal bold normal>) = 11.335
DEBUG:font_manager.py._findfont_cached():1271     findfont: score(<Font 'Liberation Sans Narrow' (LiberationSansNarrow-Italic.ttf) italic normal 400 condensed>) = 11.25
DEBUG:font_manager.py._findfont_cached():1271     findfont: score(<Font 'URW Bookman' (URWBookman-Light.otf) normal normal light normal>) = 10.24
DEBUG:font_manager.py._findfont_cached():1271     findfont: score(<Font 'FreeSerif' (FreeSerifBoldItalic.ttf) italic normal bold normal>) = 11.335
DEBUG:font_manager.py._findfont_cached():1271     findfont: score(<Font 'Ubuntu' (Ubuntu-L.ttf) normal normal light normal>) = 10.24
DEBUG:font_manager.py._findfont_cached():1271     findfont: score(<Font 'Tlwg Typewriter' (TlwgTypewriter-Bold.ttf) normal normal bold normal>) = 10.335
DEBUG:font_manager.py._findfont_cached():1271     findfont: score(<Font 'Rachana' (Rachana-Bold.ttf) normal normal bold normal>) = 10.335
DEBUG:font_manager.py._findfont_cached():1271     findfont: score(<Font 'Tlwg Typist' (TlwgTypist-BoldOblique.ttf) oblique normal bold normal>) = 11.335
DEBUG:font_manager.py._findfont_cached():1271     findfont: score(<Font 'KacstArt' (KacstArt.ttf) normal normal 400 normal>) = 10.05
DEBUG:font_manager.py._findfont_cached():1271     findfont: score(<Font 'Samyak Tamil' (Samyak-Tamil.ttf) normal normal 400 normal>) = 10.05
DEBUG:font_manager.py._findfont_cached():1271     findfont: score(<Font 'Yrsa' (Yrsa-Bold.ttf) normal normal bold normal>) = 10.335
DEBUG:font_manager.py._findfont_cached():1271     findfont: score(<Font 'Waree' (Waree.ttf) normal normal 400 normal>) = 10.05
DEBUG:font_manager.py._findfont_cached():1271     findfont: score(<Font 'Tlwg Mono' (TlwgMono-BoldOblique.ttf) oblique normal bold normal>) = 11.335
DEBUG:font_manager.py._findfont_cached():1271     findfont: score(<Font 'Padauk' (Padauk-Bold.ttf) normal normal bold normal>) = 10.335
DEBUG:font_manager.py._findfont_cached():1271     findfont: score(<Font 'Abyssinica SIL' (AbyssinicaSIL-Regular.ttf) normal normal 400 normal>) = 10.05
DEBUG:font_manager.py._findfont_cached():1271     findfont: score(<Font 'Rasa' (Rasa-Light.ttf) normal normal light normal>) = 10.24
DEBUG:font_manager.py._findfont_cached():1271     findfont: score(<Font 'FreeMono' (FreeMonoBold.ttf) normal normal bold normal>) = 10.335
DEBUG:font_manager.py._findfont_cached():1271     findfont: score(<Font 'Kinnari' (Kinnari-BoldItalic.ttf) italic normal bold normal>) = 11.335
DEBUG:font_manager.py._findfont_cached():1271     findfont: score(<Font 'Nimbus Mono PS' (NimbusMonoPS-Bold.otf) normal normal bold normal>) = 10.335
DEBUG:font_manager.py._findfont_cached():1271     findfont: score(<Font 'KacstTitle' (KacstTitle.ttf) normal normal 400 normal>) = 10.05
DEBUG:font_manager.py._findfont_cached():1271     findfont: score(<Font 'KacstNaskh' (KacstNaskh.ttf) normal normal 400 normal>) = 10.05
DEBUG:font_manager.py._findfont_cached():1271     findfont: score(<Font 'Sahadeva' (sahadeva.ttf) normal normal 400 normal>) = 10.05
DEBUG:font_manager.py._findfont_cached():1271     findfont: score(<Font 'Ubuntu Condensed' (Ubuntu-C.ttf) normal normal 400 condensed>) = 10.25
DEBUG:font_manager.py._findfont_cached():1271     findfont: score(<Font 'Uroob' (Uroob-Regular.ttf) normal normal regular normal>) = 10.05
DEBUG:font_manager.py._findfont_cached():1271     findfont: score(<Font 'Norasi' (Norasi-BoldOblique.ttf) oblique normal bold normal>) = 11.335
DEBUG:font_manager.py._findfont_cached():1271     findfont: score(<Font 'FreeMono' (FreeMonoOblique.ttf) oblique normal 400 normal>) = 11.05
DEBUG:font_manager.py._findfont_cached():1271     findfont: score(<Font 'Ubuntu Mono' (UbuntuMono-RI.ttf) italic normal 400 normal>) = 11.05
DEBUG:font_manager.py._findfont_cached():1271     findfont: score(<Font 'KacstScreen' (KacstScreen.ttf) normal normal 400 normal>) = 10.05
DEBUG:font_manager.py._findfont_cached():1271     findfont: score(<Font 'KacstLetter' (KacstLetter.ttf) normal normal 400 normal>) = 10.05
DEBUG:font_manager.py._findfont_cached():1271     findfont: score(<Font 'Chandas' (chandas1-2.ttf) normal normal 400 normal>) = 10.05
DEBUG:font_manager.py._findfont_cached():1271     findfont: score(<Font 'KacstBook' (KacstBook.ttf) normal normal book normal>) = 10.05
DEBUG:font_manager.py._findfont_cached():1271     findfont: score(<Font 'Umpush' (Umpush-Light.ttf) normal normal light normal>) = 10.24
DEBUG:font_manager.py._findfont_cached():1294     findfont: Matching :family=sans-serif:style=normal:variant=normal:weight=normal:stretch=normal:size=15.0 to DejaVu Sans ('/home/harry/anaconda3/lib/python3.7/site-packages/matplotlib/mpl-data/fonts/ttf/DejaVuSans.ttf') with score of 0.050000.
DEBUG:texmanager.py.get_font_config():179      fontconfig: sans-serifpplcmsspzccmttd41d8cd98f00b204e9800998ecf8427e
DEBUG:dviread.py.__init__():197      Dvi: /home/harry/.cache/matplotlib/tex.cache/f8d2f40bad53d9e13944dfaa025dbf4d.dvi
DEBUG:dviread.py._xxx():437      Dvi._xxx: encountered special: papersize=5203.43999pt,5203.43999pt
DEBUG:dviread.py._xxx():437      Dvi._xxx: encountered special: header=l3backend-dvips.pro
DEBUG:__init__.py._check_and_log_subprocess():2154     ['kpsewhich', 'cmss12.tfm']
DEBUG:__init__.py._check_and_log_subprocess():2165     stdout:
b'/usr/share/texlive/texmf-dist/fonts/tfm/public/cm/cmss12.tfm\n'
DEBUG:__init__.py._check_and_log_subprocess():2166     stderr:
b''
DEBUG:dviread.py.__init__():727      opening tfm file /usr/share/texlive/texmf-dist/fonts/tfm/public/cm/cmss12.tfm
DEBUG:dviread.py.__init__():733      lh=18, bc=0, ec=127, nw=54, nh=16, nd=11
DEBUG:__init__.py._check_and_log_subprocess():2154     ['kpsewhich', 'cmss12.vf']
DEBUG:texmanager.py.get_font_config():179      fontconfig: sans-serifpplcmsspzccmttd41d8cd98f00b204e9800998ecf8427e
DEBUG:dviread.py.__init__():197      Dvi: /home/harry/.cache/matplotlib/tex.cache/eaf9e5dc78d054beb6a64731f78a2296.dvi
DEBUG:dviread.py._xxx():437      Dvi._xxx: encountered special: papersize=5203.43999pt,5203.43999pt
DEBUG:dviread.py._xxx():437      Dvi._xxx: encountered special: header=l3backend-dvips.pro
DEBUG:texmanager.py.get_font_config():179      fontconfig: sans-serifpplcmsspzccmttd41d8cd98f00b204e9800998ecf8427e
DEBUG:dviread.py.__init__():197      Dvi: /home/harry/.cache/matplotlib/tex.cache/f8d2f40bad53d9e13944dfaa025dbf4d.dvi
DEBUG:dviread.py._xxx():437      Dvi._xxx: encountered special: papersize=5203.43999pt,5203.43999pt
DEBUG:dviread.py._xxx():437      Dvi._xxx: encountered special: header=l3backend-dvips.pro
DEBUG:texmanager.py.get_font_config():179      fontconfig: sans-serifpplcmsspzccmttd41d8cd98f00b204e9800998ecf8427e
DEBUG:dviread.py.__init__():197      Dvi: /home/harry/.cache/matplotlib/tex.cache/8bf5d798641d93684f45836408bf0143.dvi
DEBUG:dviread.py._xxx():437      Dvi._xxx: encountered special: papersize=5203.43999pt,5203.43999pt
DEBUG:dviread.py._xxx():437      Dvi._xxx: encountered special: header=l3backend-dvips.pro
DEBUG:texmanager.py.get_font_config():179      fontconfig: sans-serifpplcmsspzccmttd41d8cd98f00b204e9800998ecf8427e
DEBUG:texmanager.py.get_font_config():179      fontconfig: sans-serifpplcmsspzccmttd41d8cd98f00b204e9800998ecf8427e
DEBUG:texmanager.py.get_font_config():179      fontconfig: sans-serifpplcmsspzccmttd41d8cd98f00b204e9800998ecf8427e
DEBUG:dviread.py.__init__():197      Dvi: /home/harry/.cache/matplotlib/tex.cache/eaf9e5dc78d054beb6a64731f78a2296.dvi
DEBUG:dviread.py._xxx():437      Dvi._xxx: encountered special: papersize=5203.43999pt,5203.43999pt
DEBUG:dviread.py._xxx():437      Dvi._xxx: encountered special: header=l3backend-dvips.pro
DEBUG:texmanager.py.get_font_config():179      fontconfig: sans-serifpplcmsspzccmttd41d8cd98f00b204e9800998ecf8427e
DEBUG:texmanager.py.get_font_config():179      fontconfig: sans-serifpplcmsspzccmttd41d8cd98f00b204e9800998ecf8427e
DEBUG:texmanager.py.get_font_config():179      fontconfig: sans-serifpplcmsspzccmttd41d8cd98f00b204e9800998ecf8427e
DEBUG:dviread.py.__init__():197      Dvi: /home/harry/.cache/matplotlib/tex.cache/8bf5d798641d93684f45836408bf0143.dvi
DEBUG:dviread.py._xxx():437      Dvi._xxx: encountered special: papersize=5203.43999pt,5203.43999pt
DEBUG:dviread.py._xxx():437      Dvi._xxx: encountered special: header=l3backend-dvips.pro
DEBUG:texmanager.py.get_font_config():179      fontconfig: sans-serifpplcmsspzccmttd41d8cd98f00b204e9800998ecf8427e
DEBUG:dviread.py.__init__():197      Dvi: /home/harry/.cache/matplotlib/tex.cache/8039bde6e8fe1bf9b7b77115bde0d0e1.dvi
DEBUG:dviread.py._xxx():437      Dvi._xxx: encountered special: papersize=5203.43999pt,5203.43999pt
DEBUG:dviread.py._xxx():437      Dvi._xxx: encountered special: header=l3backend-dvips.pro
DEBUG:texmanager.py.get_font_config():179      fontconfig: sans-serifpplcmsspzccmttd41d8cd98f00b204e9800998ecf8427e
DEBUG:dviread.py.__init__():197      Dvi: /home/harry/.cache/matplotlib/tex.cache/1748531adfae72f9c0b4fee0a72816d9.dvi
DEBUG:dviread.py._xxx():437      Dvi._xxx: encountered special: papersize=5203.43999pt,5203.43999pt
DEBUG:dviread.py._xxx():437      Dvi._xxx: encountered special: header=l3backend-dvips.pro
DEBUG:texmanager.py.get_font_config():179      fontconfig: sans-serifpplcmsspzccmttd41d8cd98f00b204e9800998ecf8427e
DEBUG:dviread.py.__init__():197      Dvi: /home/harry/.cache/matplotlib/tex.cache/8039bde6e8fe1bf9b7b77115bde0d0e1.dvi
DEBUG:dviread.py._xxx():437      Dvi._xxx: encountered special: papersize=5203.43999pt,5203.43999pt
DEBUG:dviread.py._xxx():437      Dvi._xxx: encountered special: header=l3backend-dvips.pro
DEBUG:texmanager.py.get_font_config():179      fontconfig: sans-serifpplcmsspzccmttd41d8cd98f00b204e9800998ecf8427e
DEBUG:dviread.py.__init__():197      Dvi: /home/harry/.cache/matplotlib/tex.cache/54157d74d303e6627735550765514afa.dvi
DEBUG:dviread.py._xxx():437      Dvi._xxx: encountered special: papersize=5203.43999pt,5203.43999pt
DEBUG:dviread.py._xxx():437      Dvi._xxx: encountered special: header=l3backend-dvips.pro
DEBUG:texmanager.py.get_font_config():179      fontconfig: sans-serifpplcmsspzccmttd41d8cd98f00b204e9800998ecf8427e
DEBUG:dviread.py.__init__():197      Dvi: /home/harry/.cache/matplotlib/tex.cache/8039bde6e8fe1bf9b7b77115bde0d0e1.dvi
DEBUG:dviread.py._xxx():437      Dvi._xxx: encountered special: papersize=5203.43999pt,5203.43999pt
DEBUG:dviread.py._xxx():437      Dvi._xxx: encountered special: header=l3backend-dvips.pro
DEBUG:texmanager.py.get_font_config():179      fontconfig: sans-serifpplcmsspzccmttd41d8cd98f00b204e9800998ecf8427e
DEBUG:dviread.py.__init__():197      Dvi: /home/harry/.cache/matplotlib/tex.cache/d8b4b05cdcd8271e252cc1576ad89e69.dvi
DEBUG:dviread.py._xxx():437      Dvi._xxx: encountered special: papersize=5203.43999pt,5203.43999pt
DEBUG:dviread.py._xxx():437      Dvi._xxx: encountered special: header=l3backend-dvips.pro
DEBUG:texmanager.py.get_font_config():179      fontconfig: sans-serifpplcmsspzccmttd41d8cd98f00b204e9800998ecf8427e
DEBUG:texmanager.py.get_font_config():179      fontconfig: sans-serifpplcmsspzccmttd41d8cd98f00b204e9800998ecf8427e
DEBUG:dviread.py.__init__():197      Dvi: /home/harry/.cache/matplotlib/tex.cache/1748531adfae72f9c0b4fee0a72816d9.dvi
DEBUG:dviread.py._xxx():437      Dvi._xxx: encountered special: papersize=5203.43999pt,5203.43999pt
DEBUG:dviread.py._xxx():437      Dvi._xxx: encountered special: header=l3backend-dvips.pro
DEBUG:texmanager.py.get_font_config():179      fontconfig: sans-serifpplcmsspzccmttd41d8cd98f00b204e9800998ecf8427e
DEBUG:texmanager.py.get_font_config():179      fontconfig: sans-serifpplcmsspzccmttd41d8cd98f00b204e9800998ecf8427e
DEBUG:dviread.py.__init__():197      Dvi: /home/harry/.cache/matplotlib/tex.cache/54157d74d303e6627735550765514afa.dvi
DEBUG:dviread.py._xxx():437      Dvi._xxx: encountered special: papersize=5203.43999pt,5203.43999pt
DEBUG:dviread.py._xxx():437      Dvi._xxx: encountered special: header=l3backend-dvips.pro
DEBUG:texmanager.py.get_font_config():179      fontconfig: sans-serifpplcmsspzccmttd41d8cd98f00b204e9800998ecf8427e
DEBUG:texmanager.py.get_font_config():179      fontconfig: sans-serifpplcmsspzccmttd41d8cd98f00b204e9800998ecf8427e
DEBUG:dviread.py.__init__():197      Dvi: /home/harry/.cache/matplotlib/tex.cache/d8b4b05cdcd8271e252cc1576ad89e69.dvi
DEBUG:dviread.py._xxx():437      Dvi._xxx: encountered special: papersize=5203.43999pt,5203.43999pt
DEBUG:dviread.py._xxx():437      Dvi._xxx: encountered special: header=l3backend-dvips.pro
DEBUG:texmanager.py.get_font_config():179      fontconfig: sans-serifpplcmsspzccmttd41d8cd98f00b204e9800998ecf8427e
DEBUG:dviread.py.__init__():197      Dvi: /home/harry/.cache/matplotlib/tex.cache/8039bde6e8fe1bf9b7b77115bde0d0e1.dvi
DEBUG:dviread.py._xxx():437      Dvi._xxx: encountered special: papersize=5203.43999pt,5203.43999pt
DEBUG:dviread.py._xxx():437      Dvi._xxx: encountered special: header=l3backend-dvips.pro
DEBUG:texmanager.py.get_font_config():179      fontconfig: sans-serifpplcmsspzccmttd41d8cd98f00b204e9800998ecf8427e
DEBUG:dviread.py.__init__():197      Dvi: /home/harry/.cache/matplotlib/tex.cache/ec718077cf3efe2bf237c2d78510346f.dvi
DEBUG:dviread.py._xxx():437      Dvi._xxx: encountered special: papersize=5203.43999pt,5203.43999pt
DEBUG:dviread.py._xxx():437      Dvi._xxx: encountered special: header=l3backend-dvips.pro
DEBUG:texmanager.py.get_font_config():179      fontconfig: sans-serifpplcmsspzccmttd41d8cd98f00b204e9800998ecf8427e
DEBUG:texmanager.py.get_font_config():179      fontconfig: sans-serifpplcmsspzccmttd41d8cd98f00b204e9800998ecf8427e
DEBUG:dviread.py.__init__():197      Dvi: /home/harry/.cache/matplotlib/tex.cache/ec718077cf3efe2bf237c2d78510346f.dvi
DEBUG:dviread.py._xxx():437      Dvi._xxx: encountered special: papersize=5203.43999pt,5203.43999pt
DEBUG:dviread.py._xxx():437      Dvi._xxx: encountered special: header=l3backend-dvips.pro
DEBUG:texmanager.py.get_font_config():179      fontconfig: sans-serifpplcmsspzccmttd41d8cd98f00b204e9800998ecf8427e
DEBUG:dviread.py.__init__():197      Dvi: /home/harry/.cache/matplotlib/tex.cache/8039bde6e8fe1bf9b7b77115bde0d0e1.dvi
DEBUG:dviread.py._xxx():437      Dvi._xxx: encountered special: papersize=5203.43999pt,5203.43999pt
DEBUG:dviread.py._xxx():437      Dvi._xxx: encountered special: header=l3backend-dvips.pro
DEBUG:texmanager.py.get_font_config():179      fontconfig: sans-serifpplcmsspzccmttd41d8cd98f00b204e9800998ecf8427e
DEBUG:dviread.py.__init__():197      Dvi: /home/harry/.cache/matplotlib/tex.cache/8572e611d1fa86dd17553bc73789aa53.dvi
DEBUG:dviread.py._xxx():437      Dvi._xxx: encountered special: papersize=5203.43999pt,5203.43999pt
DEBUG:dviread.py._xxx():437      Dvi._xxx: encountered special: header=l3backend-dvips.pro
DEBUG:texmanager.py.get_font_config():179      fontconfig: sans-serifpplcmsspzccmttd41d8cd98f00b204e9800998ecf8427e
DEBUG:dviread.py.__init__():197      Dvi: /home/harry/.cache/matplotlib/tex.cache/8039bde6e8fe1bf9b7b77115bde0d0e1.dvi
DEBUG:dviread.py._xxx():437      Dvi._xxx: encountered special: papersize=5203.43999pt,5203.43999pt
DEBUG:dviread.py._xxx():437      Dvi._xxx: encountered special: header=l3backend-dvips.pro
DEBUG:texmanager.py.get_font_config():179      fontconfig: sans-serifpplcmsspzccmttd41d8cd98f00b204e9800998ecf8427e
DEBUG:dviread.py.__init__():197      Dvi: /home/harry/.cache/matplotlib/tex.cache/568043b047b92d3cbfa016f2bb0fb0ad.dvi
DEBUG:dviread.py._xxx():437      Dvi._xxx: encountered special: papersize=5203.43999pt,5203.43999pt
DEBUG:dviread.py._xxx():437      Dvi._xxx: encountered special: header=l3backend-dvips.pro
DEBUG:texmanager.py.get_font_config():179      fontconfig: sans-serifpplcmsspzccmttd41d8cd98f00b204e9800998ecf8427e
DEBUG:dviread.py.__init__():197      Dvi: /home/harry/.cache/matplotlib/tex.cache/8039bde6e8fe1bf9b7b77115bde0d0e1.dvi
DEBUG:dviread.py._xxx():437      Dvi._xxx: encountered special: papersize=5203.43999pt,5203.43999pt
DEBUG:dviread.py._xxx():437      Dvi._xxx: encountered special: header=l3backend-dvips.pro
DEBUG:texmanager.py.get_font_config():179      fontconfig: sans-serifpplcmsspzccmttd41d8cd98f00b204e9800998ecf8427e
DEBUG:dviread.py.__init__():197      Dvi: /home/harry/.cache/matplotlib/tex.cache/fbac4965d22deb42610d04be5e8957ab.dvi
DEBUG:dviread.py._xxx():437      Dvi._xxx: encountered special: papersize=5203.43999pt,5203.43999pt
DEBUG:dviread.py._xxx():437      Dvi._xxx: encountered special: header=l3backend-dvips.pro
DEBUG:texmanager.py.get_font_config():179      fontconfig: sans-serifpplcmsspzccmttd41d8cd98f00b204e9800998ecf8427e
DEBUG:dviread.py.__init__():197      Dvi: /home/harry/.cache/matplotlib/tex.cache/8039bde6e8fe1bf9b7b77115bde0d0e1.dvi
DEBUG:dviread.py._xxx():437      Dvi._xxx: encountered special: papersize=5203.43999pt,5203.43999pt
DEBUG:dviread.py._xxx():437      Dvi._xxx: encountered special: header=l3backend-dvips.pro
DEBUG:texmanager.py.get_font_config():179      fontconfig: sans-serifpplcmsspzccmttd41d8cd98f00b204e9800998ecf8427e
DEBUG:dviread.py.__init__():197      Dvi: /home/harry/.cache/matplotlib/tex.cache/4fa2da022e266ec5945f0a635ccdf041.dvi
DEBUG:dviread.py._xxx():437      Dvi._xxx: encountered special: papersize=5203.43999pt,5203.43999pt
DEBUG:dviread.py._xxx():437      Dvi._xxx: encountered special: header=l3backend-dvips.pro
DEBUG:texmanager.py.get_font_config():179      fontconfig: sans-serifpplcmsspzccmttd41d8cd98f00b204e9800998ecf8427e
DEBUG:dviread.py.__init__():197      Dvi: /home/harry/.cache/matplotlib/tex.cache/8039bde6e8fe1bf9b7b77115bde0d0e1.dvi
DEBUG:dviread.py._xxx():437      Dvi._xxx: encountered special: papersize=5203.43999pt,5203.43999pt
DEBUG:dviread.py._xxx():437      Dvi._xxx: encountered special: header=l3backend-dvips.pro
DEBUG:texmanager.py.get_font_config():179      fontconfig: sans-serifpplcmsspzccmttd41d8cd98f00b204e9800998ecf8427e
DEBUG:dviread.py.__init__():197      Dvi: /home/harry/.cache/matplotlib/tex.cache/39d47527d8a20bd49b6705c69591a9e2.dvi
DEBUG:dviread.py._xxx():437      Dvi._xxx: encountered special: papersize=5203.43999pt,5203.43999pt
DEBUG:dviread.py._xxx():437      Dvi._xxx: encountered special: header=l3backend-dvips.pro
DEBUG:texmanager.py.get_font_config():179      fontconfig: sans-serifpplcmsspzccmttd41d8cd98f00b204e9800998ecf8427e
DEBUG:dviread.py.__init__():197      Dvi: /home/harry/.cache/matplotlib/tex.cache/8039bde6e8fe1bf9b7b77115bde0d0e1.dvi
DEBUG:dviread.py._xxx():437      Dvi._xxx: encountered special: papersize=5203.43999pt,5203.43999pt
DEBUG:dviread.py._xxx():437      Dvi._xxx: encountered special: header=l3backend-dvips.pro
DEBUG:texmanager.py.get_font_config():179      fontconfig: sans-serifpplcmsspzccmttd41d8cd98f00b204e9800998ecf8427e
DEBUG:dviread.py.__init__():197      Dvi: /home/harry/.cache/matplotlib/tex.cache/ff0ce5c8cc95efc2e31fba5433f6d73e.dvi
DEBUG:dviread.py._xxx():437      Dvi._xxx: encountered special: papersize=5203.43999pt,5203.43999pt
DEBUG:dviread.py._xxx():437      Dvi._xxx: encountered special: header=l3backend-dvips.pro
DEBUG:texmanager.py.get_font_config():179      fontconfig: sans-serifpplcmsspzccmttd41d8cd98f00b204e9800998ecf8427e
DEBUG:texmanager.py.get_font_config():179      fontconfig: sans-serifpplcmsspzccmttd41d8cd98f00b204e9800998ecf8427e
DEBUG:dviread.py.__init__():197      Dvi: /home/harry/.cache/matplotlib/tex.cache/8572e611d1fa86dd17553bc73789aa53.dvi
DEBUG:dviread.py._xxx():437      Dvi._xxx: encountered special: papersize=5203.43999pt,5203.43999pt
DEBUG:dviread.py._xxx():437      Dvi._xxx: encountered special: header=l3backend-dvips.pro
DEBUG:texmanager.py.get_font_config():179      fontconfig: sans-serifpplcmsspzccmttd41d8cd98f00b204e9800998ecf8427e
DEBUG:texmanager.py.get_font_config():179      fontconfig: sans-serifpplcmsspzccmttd41d8cd98f00b204e9800998ecf8427e
DEBUG:dviread.py.__init__():197      Dvi: /home/harry/.cache/matplotlib/tex.cache/568043b047b92d3cbfa016f2bb0fb0ad.dvi
DEBUG:dviread.py._xxx():437      Dvi._xxx: encountered special: papersize=5203.43999pt,5203.43999pt
DEBUG:dviread.py._xxx():437      Dvi._xxx: encountered special: header=l3backend-dvips.pro
DEBUG:texmanager.py.get_font_config():179      fontconfig: sans-serifpplcmsspzccmttd41d8cd98f00b204e9800998ecf8427e
DEBUG:texmanager.py.get_font_config():179      fontconfig: sans-serifpplcmsspzccmttd41d8cd98f00b204e9800998ecf8427e
DEBUG:dviread.py.__init__():197      Dvi: /home/harry/.cache/matplotlib/tex.cache/fbac4965d22deb42610d04be5e8957ab.dvi
DEBUG:dviread.py._xxx():437      Dvi._xxx: encountered special: papersize=5203.43999pt,5203.43999pt
DEBUG:dviread.py._xxx():437      Dvi._xxx: encountered special: header=l3backend-dvips.pro
DEBUG:texmanager.py.get_font_config():179      fontconfig: sans-serifpplcmsspzccmttd41d8cd98f00b204e9800998ecf8427e
DEBUG:texmanager.py.get_font_config():179      fontconfig: sans-serifpplcmsspzccmttd41d8cd98f00b204e9800998ecf8427e
DEBUG:dviread.py.__init__():197      Dvi: /home/harry/.cache/matplotlib/tex.cache/4fa2da022e266ec5945f0a635ccdf041.dvi
DEBUG:dviread.py._xxx():437      Dvi._xxx: encountered special: papersize=5203.43999pt,5203.43999pt
DEBUG:dviread.py._xxx():437      Dvi._xxx: encountered special: header=l3backend-dvips.pro
DEBUG:texmanager.py.get_font_config():179      fontconfig: sans-serifpplcmsspzccmttd41d8cd98f00b204e9800998ecf8427e
DEBUG:texmanager.py.get_font_config():179      fontconfig: sans-serifpplcmsspzccmttd41d8cd98f00b204e9800998ecf8427e
DEBUG:dviread.py.__init__():197      Dvi: /home/harry/.cache/matplotlib/tex.cache/39d47527d8a20bd49b6705c69591a9e2.dvi
DEBUG:dviread.py._xxx():437      Dvi._xxx: encountered special: papersize=5203.43999pt,5203.43999pt
DEBUG:dviread.py._xxx():437      Dvi._xxx: encountered special: header=l3backend-dvips.pro
DEBUG:texmanager.py.get_font_config():179      fontconfig: sans-serifpplcmsspzccmttd41d8cd98f00b204e9800998ecf8427e
DEBUG:texmanager.py.get_font_config():179      fontconfig: sans-serifpplcmsspzccmttd41d8cd98f00b204e9800998ecf8427e
DEBUG:dviread.py.__init__():197      Dvi: /home/harry/.cache/matplotlib/tex.cache/ff0ce5c8cc95efc2e31fba5433f6d73e.dvi
DEBUG:dviread.py._xxx():437      Dvi._xxx: encountered special: papersize=5203.43999pt,5203.43999pt
DEBUG:dviread.py._xxx():437      Dvi._xxx: encountered special: header=l3backend-dvips.pro
DEBUG:texmanager.py.get_font_config():179      fontconfig: sans-serifpplcmsspzccmttd41d8cd98f00b204e9800998ecf8427e
DEBUG:dviread.py.__init__():197      Dvi: /home/harry/.cache/matplotlib/tex.cache/f8d2f40bad53d9e13944dfaa025dbf4d.dvi
DEBUG:dviread.py._xxx():437      Dvi._xxx: encountered special: papersize=5203.43999pt,5203.43999pt
DEBUG:dviread.py._xxx():437      Dvi._xxx: encountered special: header=l3backend-dvips.pro
DEBUG:texmanager.py.get_font_config():179      fontconfig: sans-serifpplcmsspzccmttd41d8cd98f00b204e9800998ecf8427e
DEBUG:dviread.py.__init__():197      Dvi: /home/harry/.cache/matplotlib/tex.cache/eaf9e5dc78d054beb6a64731f78a2296.dvi
DEBUG:dviread.py._xxx():437      Dvi._xxx: encountered special: papersize=5203.43999pt,5203.43999pt
DEBUG:dviread.py._xxx():437      Dvi._xxx: encountered special: header=l3backend-dvips.pro
DEBUG:texmanager.py.get_font_config():179      fontconfig: sans-serifpplcmsspzccmttd41d8cd98f00b204e9800998ecf8427e
DEBUG:dviread.py.__init__():197      Dvi: /home/harry/.cache/matplotlib/tex.cache/f8d2f40bad53d9e13944dfaa025dbf4d.dvi
DEBUG:dviread.py._xxx():437      Dvi._xxx: encountered special: papersize=5203.43999pt,5203.43999pt
DEBUG:dviread.py._xxx():437      Dvi._xxx: encountered special: header=l3backend-dvips.pro
DEBUG:texmanager.py.get_font_config():179      fontconfig: sans-serifpplcmsspzccmttd41d8cd98f00b204e9800998ecf8427e
DEBUG:dviread.py.__init__():197      Dvi: /home/harry/.cache/matplotlib/tex.cache/8bf5d798641d93684f45836408bf0143.dvi
DEBUG:dviread.py._xxx():437      Dvi._xxx: encountered special: papersize=5203.43999pt,5203.43999pt
DEBUG:dviread.py._xxx():437      Dvi._xxx: encountered special: header=l3backend-dvips.pro
DEBUG:texmanager.py.get_font_config():179      fontconfig: sans-serifpplcmsspzccmttd41d8cd98f00b204e9800998ecf8427e
DEBUG:texmanager.py.get_font_config():179      fontconfig: sans-serifpplcmsspzccmttd41d8cd98f00b204e9800998ecf8427e
DEBUG:dviread.py.__init__():197      Dvi: /home/harry/.cache/matplotlib/tex.cache/eaf9e5dc78d054beb6a64731f78a2296.dvi
DEBUG:dviread.py._xxx():437      Dvi._xxx: encountered special: papersize=5203.43999pt,5203.43999pt
DEBUG:dviread.py._xxx():437      Dvi._xxx: encountered special: header=l3backend-dvips.pro
DEBUG:texmanager.py.get_font_config():179      fontconfig: sans-serifpplcmsspzccmttd41d8cd98f00b204e9800998ecf8427e
DEBUG:texmanager.py.get_font_config():179      fontconfig: sans-serifpplcmsspzccmttd41d8cd98f00b204e9800998ecf8427e
DEBUG:dviread.py.__init__():197      Dvi: /home/harry/.cache/matplotlib/tex.cache/8bf5d798641d93684f45836408bf0143.dvi
DEBUG:dviread.py._xxx():437      Dvi._xxx: encountered special: papersize=5203.43999pt,5203.43999pt
DEBUG:dviread.py._xxx():437      Dvi._xxx: encountered special: header=l3backend-dvips.pro
